2018-01-26 14:42:13,494 ERROR 18664 nodejs.unhandledExceptionError: read ECONNRESET
    at exports._errnoException (util.js:1022:11)
    at TCP.onread (net.js:610:25)
code: 'ECONNRESET'
errno: 'ECONNRESET'
syscall: 'read'
name: 'unhandledExceptionError'
pid: 18664
hostname: AFOGL-608021031

2018-01-26 14:46:46,198 ERROR 10764 [-/127.0.0.1/-/5026ms GET /news] nodejs.ConnectionTimeoutError: Connect timeout for 5000ms, GET https://hacker-news.firebaseio.com/v0/topstories.json -2 (connected: false, keepalive socket: false, agent status: {"createSocketCount":1,"createSocketErrorCount":0,"closeSocketCount":1,"errorSocketCount":0,"timeoutSocketCount":0,"requestCount":0,"freeSockets":{},"sockets":{},"requests":{}})
headers: {}
headers: {}
    at Timeout._onTimeout (D:\workspace\node\egg-example2\node_modules\urllib\lib\urllib.js:735:15)
    at ontimeout (timers.js:488:11)
    at tryOnTimeout (timers.js:323:5)
    at Timer.listOnTimeout (timers.js:283:5)
name: 'ConnectionTimeoutError'
requestId: 1
data: undefined
path: '/v0/topstories.json?orderBy=%22%24key%22&startAt=%220%22&endAt=%224%22'
status: -2
headers: {}
res: { status: -2, statusCode: -2, headers: {}, size: 0, aborted: false, rt: 5020, keepAliveSocket: false, data: undefined, requestUrls: [ 'https://hacker-news.firebaseio.com/v0/topstories.json' ], timing: null, remoteAddress: '35.201.97.85', remotePort: '' }
pid: 10764
hostname: AFOGL-608021031

2018-01-26 14:47:03,033 ERROR 21832 nodejs.unhandledExceptionError: read ECONNRESET
    at exports._errnoException (util.js:1022:11)
    at TCP.onread (net.js:610:25)
code: 'ECONNRESET'
errno: 'ECONNRESET'
syscall: 'read'
name: 'unhandledExceptionError'
pid: 21832
hostname: AFOGL-608021031

2018-01-26 14:47:08,973 ERROR 22036 [-/127.0.0.1/-/5027ms GET /news] nodejs.ConnectionTimeoutError: Connect timeout for 5000ms, GET https://www.hacker-news.firebaseio.com/v0/topstories.json -2 (connected: false, keepalive socket: false, agent status: {"createSocketCount":1,"createSocketErrorCount":0,"closeSocketCount":1,"errorSocketCount":0,"timeoutSocketCount":0,"requestCount":0,"freeSockets":{},"sockets":{},"requests":{}})
headers: {}
headers: {}
    at Timeout._onTimeout (D:\workspace\node\egg-example2\node_modules\urllib\lib\urllib.js:735:15)
    at ontimeout (timers.js:488:11)
    at tryOnTimeout (timers.js:323:5)
    at Timer.listOnTimeout (timers.js:283:5)
name: 'ConnectionTimeoutError'
requestId: 1
data: undefined
path: '/v0/topstories.json?orderBy=%22%24key%22&startAt=%220%22&endAt=%224%22'
status: -2
headers: {}
res: { status: -2, statusCode: -2, headers: {}, size: 0, aborted: false, rt: 5017, keepAliveSocket: false, data: undefined, requestUrls: [ 'https://www.hacker-news.firebaseio.com/v0/topstories.json' ], timing: null, remoteAddress: '35.201.97.85', remotePort: '' }
pid: 22036
hostname: AFOGL-608021031

2018-01-26 14:47:41,624 ERROR 4444 [-/127.0.0.1/-/5030ms GET /news] nodejs.ConnectionTimeoutError: Connect timeout for 5000ms, GET https://hacker-news.firebaseio.com/v0/topstories.json -2 (connected: false, keepalive socket: false, agent status: {"createSocketCount":1,"createSocketErrorCount":0,"closeSocketCount":1,"errorSocketCount":0,"timeoutSocketCount":0,"requestCount":0,"freeSockets":{},"sockets":{},"requests":{}})
headers: {}
headers: {}
    at Timeout._onTimeout (D:\workspace\node\egg-example2\node_modules\urllib\lib\urllib.js:735:15)
    at ontimeout (timers.js:488:11)
    at tryOnTimeout (timers.js:323:5)
    at Timer.listOnTimeout (timers.js:283:5)
name: 'ConnectionTimeoutError'
requestId: 1
data: undefined
path: '/v0/topstories.json?orderBy=%22%24key%22&startAt=%220%22&endAt=%224%22'
status: -2
headers: {}
res: { status: -2, statusCode: -2, headers: {}, size: 0, aborted: false, rt: 5019, keepAliveSocket: false, data: undefined, requestUrls: [ 'https://hacker-news.firebaseio.com/v0/topstories.json' ], timing: null, remoteAddress: '35.201.97.85', remotePort: '' }
pid: 4444
hostname: AFOGL-608021031

2018-01-26 14:53:52,734 ERROR 17816 [-/127.0.0.1/-/5032ms GET /news] nodejs.ConnectionTimeoutError: Connect timeout for 5000ms, GET https://hacker-news.firebaseio.com/v0/topstories.json -2 (connected: false, keepalive socket: false, agent status: {"createSocketCount":1,"createSocketErrorCount":0,"closeSocketCount":1,"errorSocketCount":0,"timeoutSocketCount":0,"requestCount":0,"freeSockets":{},"sockets":{},"requests":{}})
headers: {}
headers: {}
    at Timeout._onTimeout (D:\workspace\node\egg-example2\node_modules\urllib\lib\urllib.js:735:15)
    at ontimeout (timers.js:488:11)
    at tryOnTimeout (timers.js:323:5)
    at Timer.listOnTimeout (timers.js:283:5)
name: 'ConnectionTimeoutError'
requestId: 1
data: undefined
path: '/v0/topstories.json'
status: -2
headers: {}
res: { status: -2, statusCode: -2, headers: {}, size: 0, aborted: false, rt: 5019, keepAliveSocket: false, data: undefined, requestUrls: [ 'https://hacker-news.firebaseio.com/v0/topstories.json' ], timing: null, remoteAddress: '35.201.97.85', remotePort: '' }
pid: 17816
hostname: AFOGL-608021031

2018-01-26 14:56:19,572 ERROR 17524 [-/127.0.0.1/-/15032ms GET /news] nodejs.ConnectionTimeoutError: Connect timeout for 15000ms, GET https://hacker-news.firebaseio.com/v0/topstories.json -2 (connected: false, keepalive socket: false, agent status: {"createSocketCount":1,"createSocketErrorCount":0,"closeSocketCount":1,"errorSocketCount":0,"timeoutSocketCount":0,"requestCount":0,"freeSockets":{},"sockets":{},"requests":{}})
headers: {}
headers: {}
    at Timeout._onTimeout (D:\workspace\node\egg-example2\node_modules\urllib\lib\urllib.js:735:15)
    at ontimeout (timers.js:488:11)
    at tryOnTimeout (timers.js:323:5)
    at Timer.listOnTimeout (timers.js:283:5)
name: 'ConnectionTimeoutError'
requestId: 1
data: undefined
path: '/v0/topstories.json'
status: -2
headers: {}
res: { status: -2, statusCode: -2, headers: {}, size: 0, aborted: false, rt: 15020, keepAliveSocket: false, data: undefined, requestUrls: [ 'https://hacker-news.firebaseio.com/v0/topstories.json' ], timing: null, remoteAddress: '35.201.97.85', remotePort: '' }
pid: 17524
hostname: AFOGL-608021031

2018-01-26 14:56:57,145 ERROR 13612 [-/127.0.0.1/-/15031ms GET /news] nodejs.ConnectionTimeoutError: Connect timeout for 15000ms, GET https://hacker-news.firebaseio.com/v0/topstories.json -2 (connected: false, keepalive socket: false, agent status: {"createSocketCount":1,"createSocketErrorCount":0,"closeSocketCount":1,"errorSocketCount":0,"timeoutSocketCount":0,"requestCount":0,"freeSockets":{},"sockets":{},"requests":{}})
headers: {}
headers: {}
    at Timeout._onTimeout (D:\workspace\node\egg-example2\node_modules\urllib\lib\urllib.js:735:15)
    at ontimeout (timers.js:488:11)
    at tryOnTimeout (timers.js:323:5)
    at Timer.listOnTimeout (timers.js:283:5)
name: 'ConnectionTimeoutError'
requestId: 1
data: undefined
path: '/v0/topstories.json?orderBy=%22%24key%22&startAt=%220%22&endAt=%224%22'
status: -2
headers: {}
res: { status: -2, statusCode: -2, headers: {}, size: 0, aborted: false, rt: 15019, keepAliveSocket: false, data: undefined, requestUrls: [ 'https://hacker-news.firebaseio.com/v0/topstories.json' ], timing: null, remoteAddress: '35.201.97.85', remotePort: '' }
pid: 13612
hostname: AFOGL-608021031

2018-01-26 15:01:06,827 ERROR 13612 [-/127.0.0.1/-/15006ms GET /news?page=1] nodejs.ConnectionTimeoutError: Connect timeout for 15000ms, GET https://hacker-news.firebaseio.com/v0/topstories.json -2 (connected: false, keepalive socket: false, agent status: {"createSocketCount":2,"createSocketErrorCount":0,"closeSocketCount":2,"errorSocketCount":0,"timeoutSocketCount":0,"requestCount":0,"freeSockets":{},"sockets":{},"requests":{}})
headers: {}
headers: {}
    at Timeout._onTimeout (D:\workspace\node\egg-example2\node_modules\urllib\lib\urllib.js:735:15)
    at ontimeout (timers.js:488:11)
    at tryOnTimeout (timers.js:323:5)
    at Timer.listOnTimeout (timers.js:283:5)
name: 'ConnectionTimeoutError'
requestId: 2
data: undefined
path: '/v0/topstories.json?orderBy=%22%24key%22&startAt=%220%22&endAt=%224%22'
status: -2
headers: {}
res: { status: -2, statusCode: -2, headers: {}, size: 0, aborted: false, rt: 15004, keepAliveSocket: false, data: undefined, requestUrls: [ 'https://hacker-news.firebaseio.com/v0/topstories.json' ], timing: null, remoteAddress: '35.201.97.85', remotePort: '' }
pid: 13612
hostname: AFOGL-608021031

2018-01-26 15:07:49,192 ERROR 13612 [-/undefined/-/15004ms GET /news?page=1] nodejs.ConnectionTimeoutError: Connect timeout for 15000ms, GET https://hacker-news.firebaseio.com/v0/topstories.json -2 (connected: false, keepalive socket: false, agent status: {"createSocketCount":4,"createSocketErrorCount":0,"closeSocketCount":3,"errorSocketCount":0,"timeoutSocketCount":0,"requestCount":0,"freeSockets":{},"sockets":{"hacker-news.firebaseio.com:443:::::::::":1},"requests":{}})
headers: {}
headers: {}
    at Timeout._onTimeout (D:\workspace\node\egg-example2\node_modules\urllib\lib\urllib.js:735:15)
    at ontimeout (timers.js:488:11)
    at tryOnTimeout (timers.js:323:5)
    at Timer.listOnTimeout (timers.js:283:5)
name: 'ConnectionTimeoutError'
requestId: 3
data: undefined
path: '/v0/topstories.json?orderBy=%22%24key%22&startAt=%220%22&endAt=%224%22'
status: -2
headers: {}
res: { status: -2, statusCode: -2, headers: {}, size: 0, aborted: false, rt: 15003, keepAliveSocket: false, data: undefined, requestUrls: [ 'https://hacker-news.firebaseio.com/v0/topstories.json' ], timing: null, remoteAddress: '35.201.97.85', remotePort: '' }
headerSent: true
pid: 13612
hostname: AFOGL-608021031

2018-01-26 15:08:03,957 ERROR 13612 [-/127.0.0.1/-/15002ms GET /news] nodejs.ConnectionTimeoutError: Connect timeout for 15000ms, GET https://hacker-news.firebaseio.com/v0/topstories.json -2 (connected: false, keepalive socket: false, agent status: {"createSocketCount":4,"createSocketErrorCount":0,"closeSocketCount":4,"errorSocketCount":0,"timeoutSocketCount":0,"requestCount":0,"freeSockets":{},"sockets":{},"requests":{}})
headers: {}
headers: {}
    at Timeout._onTimeout (D:\workspace\node\egg-example2\node_modules\urllib\lib\urllib.js:735:15)
    at ontimeout (timers.js:488:11)
    at tryOnTimeout (timers.js:323:5)
    at Timer.listOnTimeout (timers.js:283:5)
name: 'ConnectionTimeoutError'
requestId: 4
data: undefined
path: '/v0/topstories.json?orderBy=%22%24key%22&startAt=%220%22&endAt=%224%22'
status: -2
headers: {}
res: { status: -2, statusCode: -2, headers: {}, size: 0, aborted: false, rt: 15001, keepAliveSocket: false, data: undefined, requestUrls: [ 'https://hacker-news.firebaseio.com/v0/topstories.json' ], timing: null, remoteAddress: '35.201.97.85', remotePort: '' }
pid: 13612
hostname: AFOGL-608021031

2018-01-26 15:08:23,736 ERROR 13612 [-/127.0.0.1/-/15001ms GET /news] nodejs.ConnectionTimeoutError: Connect timeout for 15000ms, GET https://hacker-news.firebaseio.com/v0/topstories.json -2 (connected: false, keepalive socket: false, agent status: {"createSocketCount":5,"createSocketErrorCount":0,"closeSocketCount":5,"errorSocketCount":0,"timeoutSocketCount":0,"requestCount":0,"freeSockets":{},"sockets":{},"requests":{}})
headers: {}
headers: {}
    at Timeout._onTimeout (D:\workspace\node\egg-example2\node_modules\urllib\lib\urllib.js:735:15)
    at ontimeout (timers.js:488:11)
    at tryOnTimeout (timers.js:323:5)
    at Timer.listOnTimeout (timers.js:283:5)
name: 'ConnectionTimeoutError'
requestId: 5
data: undefined
path: '/v0/topstories.json?orderBy=%22%24key%22&startAt=%220%22&endAt=%224%22'
status: -2
headers: {}
res: { status: -2, statusCode: -2, headers: {}, size: 0, aborted: false, rt: 15001, keepAliveSocket: false, data: undefined, requestUrls: [ 'https://hacker-news.firebaseio.com/v0/topstories.json' ], timing: null, remoteAddress: '35.201.97.85', remotePort: '' }
pid: 13612
hostname: AFOGL-608021031

2018-01-26 15:08:49,406 ERROR 13612 [-/127.0.0.1/-/15002ms GET /news] nodejs.ConnectionTimeoutError: Connect timeout for 15000ms, GET https://hacker-news.firebaseio.com/v0/topstories.json -2 (connected: false, keepalive socket: false, agent status: {"createSocketCount":6,"createSocketErrorCount":0,"closeSocketCount":6,"errorSocketCount":0,"timeoutSocketCount":0,"requestCount":0,"freeSockets":{},"sockets":{},"requests":{}})
headers: {}
headers: {}
    at Timeout._onTimeout (D:\workspace\node\egg-example2\node_modules\urllib\lib\urllib.js:735:15)
    at ontimeout (timers.js:488:11)
    at tryOnTimeout (timers.js:323:5)
    at Timer.listOnTimeout (timers.js:283:5)
name: 'ConnectionTimeoutError'
requestId: 6
data: undefined
path: '/v0/topstories.json?orderBy=%22%24key%22&startAt=%220%22&endAt=%224%22'
status: -2
headers: {}
res: { status: -2, statusCode: -2, headers: {}, size: 0, aborted: false, rt: 15001, keepAliveSocket: false, data: undefined, requestUrls: [ 'https://hacker-news.firebaseio.com/v0/topstories.json' ], timing: null, remoteAddress: '35.201.97.85', remotePort: '' }
pid: 13612
hostname: AFOGL-608021031

2018-01-26 15:09:19,494 ERROR 13612 [-/127.0.0.1/-/15002ms GET /news] nodejs.ConnectionTimeoutError: Connect timeout for 15000ms, GET https://hacker-news.firebaseio.com/v0/topstories.json -2 (connected: false, keepalive socket: false, agent status: {"createSocketCount":7,"createSocketErrorCount":0,"closeSocketCount":7,"errorSocketCount":0,"timeoutSocketCount":0,"requestCount":0,"freeSockets":{},"sockets":{},"requests":{}})
headers: {}
headers: {}
    at Timeout._onTimeout (D:\workspace\node\egg-example2\node_modules\urllib\lib\urllib.js:735:15)
    at ontimeout (timers.js:488:11)
    at tryOnTimeout (timers.js:323:5)
    at Timer.listOnTimeout (timers.js:283:5)
name: 'ConnectionTimeoutError'
requestId: 7
data: undefined
path: '/v0/topstories.json?orderBy=%22%24key%22&startAt=%220%22&endAt=%224%22'
status: -2
headers: {}
res: { status: -2, statusCode: -2, headers: {}, size: 0, aborted: false, rt: 15001, keepAliveSocket: false, data: undefined, requestUrls: [ 'https://hacker-news.firebaseio.com/v0/topstories.json' ], timing: null, remoteAddress: '35.201.97.85', remotePort: '' }
pid: 13612
hostname: AFOGL-608021031

2018-01-26 15:18:33,927 ERROR 27200 [-/127.0.0.1/-/15035ms GET /news] nodejs.ConnectionTimeoutError: Connect timeout for 15000ms, GET https://hacker-news.firebaseio.com/v0/topstories.json -2 (connected: false, keepalive socket: false, agent status: {"createSocketCount":1,"createSocketErrorCount":0,"closeSocketCount":1,"errorSocketCount":0,"timeoutSocketCount":0,"requestCount":0,"freeSockets":{},"sockets":{},"requests":{}})
headers: {}
headers: {}
    at Timeout._onTimeout (D:\workspace\node\egg-example2\node_modules\urllib\lib\urllib.js:735:15)
    at ontimeout (timers.js:488:11)
    at tryOnTimeout (timers.js:323:5)
    at Timer.listOnTimeout (timers.js:283:5)
name: 'ConnectionTimeoutError'
requestId: 1
data: undefined
path: '/v0/topstories.json?orderBy=%22%24key%22&startAt=0&endAt=4'
status: -2
headers: {}
res: { status: -2, statusCode: -2, headers: {}, size: 0, aborted: false, rt: 15021, keepAliveSocket: false, data: undefined, requestUrls: [ 'https://hacker-news.firebaseio.com/v0/topstories.json' ], timing: null, remoteAddress: '35.201.97.85', remotePort: '' }
pid: 27200
hostname: AFOGL-608021031

2018-01-26 15:19:43,116 ERROR 27272 [-/127.0.0.1/-/15027ms GET /news] nodejs.ConnectionTimeoutError: Connect timeout for 15000ms, GET https://hacker-news.firebaseio.com/v0/topstories.json -2 (connected: false, keepalive socket: false, agent status: {"createSocketCount":1,"createSocketErrorCount":0,"closeSocketCount":1,"errorSocketCount":0,"timeoutSocketCount":0,"requestCount":0,"freeSockets":{},"sockets":{},"requests":{}})
headers: {}
headers: {}
    at Timeout._onTimeout (D:\workspace\node\egg-example2\node_modules\urllib\lib\urllib.js:735:15)
    at ontimeout (timers.js:488:11)
    at tryOnTimeout (timers.js:323:5)
    at Timer.listOnTimeout (timers.js:283:5)
name: 'ConnectionTimeoutError'
requestId: 1
data: undefined
path: '/v0/topstories.json?orderBy=%22%24key%22&startAt=%220%22&endAt=%224%22'
status: -2
headers: {}
res: { status: -2, statusCode: -2, headers: {}, size: 0, aborted: false, rt: 15017, keepAliveSocket: false, data: undefined, requestUrls: [ 'https://hacker-news.firebaseio.com/v0/topstories.json' ], timing: null, remoteAddress: '35.201.97.85', remotePort: '' }
pid: 27272
hostname: AFOGL-608021031

2018-01-26 15:29:08,722 ERROR 28556 [-/127.0.0.1/-/15031ms GET /news] nodejs.ConnectionTimeoutError: Connect timeout for 15000ms, GET https://hacker-news.firebaseio.com/v0/topstories.json -2 (connected: false, keepalive socket: false, agent status: {"createSocketCount":1,"createSocketErrorCount":0,"closeSocketCount":1,"errorSocketCount":0,"timeoutSocketCount":0,"requestCount":0,"freeSockets":{},"sockets":{},"requests":{}})
headers: {}
headers: {}
    at Timeout._onTimeout (D:\workspace\node\egg-example2\node_modules\urllib\lib\urllib.js:735:15)
    at ontimeout (timers.js:488:11)
    at tryOnTimeout (timers.js:323:5)
    at Timer.listOnTimeout (timers.js:283:5)
name: 'ConnectionTimeoutError'
requestId: 1
data: undefined
path: '/v0/topstories.json?orderBy=%22%24key%22&startAt=%220%22&endAt=%224%22'
status: -2
headers: {}
res: { status: -2, statusCode: -2, headers: {}, size: 0, aborted: false, rt: 15020, keepAliveSocket: false, data: undefined, requestUrls: [ 'https://hacker-news.firebaseio.com/v0/topstories.json' ], timing: null, remoteAddress: '35.201.97.85', remotePort: '' }
pid: 28556
hostname: AFOGL-608021031

2018-01-26 15:29:30,154 ERROR 21832 nodejs.unhandledExceptionError: read ECONNRESET
    at exports._errnoException (util.js:1022:11)
    at TCP.onread (net.js:610:25)
code: 'ECONNRESET'
errno: 'ECONNRESET'
syscall: 'read'
name: 'unhandledExceptionError'
pid: 21832
hostname: AFOGL-608021031

2018-01-26 15:29:41,541 ERROR 21832 nodejs.unhandledExceptionError: read ECONNRESET
    at exports._errnoException (util.js:1022:11)
    at TCP.onread (net.js:610:25)
code: 'ECONNRESET'
errno: 'ECONNRESET'
syscall: 'read'
name: 'unhandledExceptionError'
pid: 21832
hostname: AFOGL-608021031

2018-01-26 15:29:42,429 ERROR 21832 nodejs.unhandledExceptionError: read ECONNRESET
    at exports._errnoException (util.js:1022:11)
    at TCP.onread (net.js:610:25)
code: 'ECONNRESET'
errno: 'ECONNRESET'
syscall: 'read'
name: 'unhandledExceptionError'
pid: 21832
hostname: AFOGL-608021031

2018-01-26 15:29:43,307 ERROR 21832 nodejs.unhandledExceptionError: read ECONNRESET
    at exports._errnoException (util.js:1022:11)
    at TCP.onread (net.js:610:25)
code: 'ECONNRESET'
errno: 'ECONNRESET'
syscall: 'read'
name: 'unhandledExceptionError'
pid: 21832
hostname: AFOGL-608021031

2018-01-26 15:29:44,212 ERROR 21832 nodejs.unhandledExceptionError: read ECONNRESET
    at exports._errnoException (util.js:1022:11)
    at TCP.onread (net.js:610:25)
code: 'ECONNRESET'
errno: 'ECONNRESET'
syscall: 'read'
name: 'unhandledExceptionError'
pid: 21832
hostname: AFOGL-608021031

2018-01-26 15:35:03,002 ERROR 28800 [-/127.0.0.1/-/5028ms GET /news] nodejs.ConnectionTimeoutError: Connect timeout for 5000ms, GET https://hacker-news.firebaseio.com/v0/topstories.json -2 (connected: false, keepalive socket: false, agent status: {"createSocketCount":1,"createSocketErrorCount":0,"closeSocketCount":1,"errorSocketCount":0,"timeoutSocketCount":0,"requestCount":0,"freeSockets":{},"sockets":{},"requests":{}})
headers: {}
headers: {}
    at Timeout._onTimeout (D:\workspace\node\egg-example2\node_modules\urllib\lib\urllib.js:735:15)
    at ontimeout (timers.js:488:11)
    at tryOnTimeout (timers.js:323:5)
    at Timer.listOnTimeout (timers.js:283:5)
name: 'ConnectionTimeoutError'
requestId: 1
data: undefined
path: '/v0/topstories.json?orderBy=%22%24key%22&startAt=%220%22&endAt=%224%22'
status: -2
headers: {}
res: { status: -2, statusCode: -2, headers: {}, size: 0, aborted: false, rt: 5018, keepAliveSocket: false, data: undefined, requestUrls: [ 'https://hacker-news.firebaseio.com/v0/topstories.json' ], timing: null, remoteAddress: '35.201.97.85', remotePort: '' }
pid: 28800
hostname: AFOGL-608021031

2018-01-26 15:42:05,403 ERROR 31396 [-/127.0.0.1/-/5026ms GET /news] nodejs.ConnectionTimeoutError: Connect timeout for 5000ms, GET https://hacker-news.firebaseio.com/v0/topics -2 (connected: false, keepalive socket: false, agent status: {"createSocketCount":1,"createSocketErrorCount":0,"closeSocketCount":1,"errorSocketCount":0,"timeoutSocketCount":0,"requestCount":0,"freeSockets":{},"sockets":{},"requests":{}})
headers: {}
headers: {}
    at Timeout._onTimeout (D:\workspace\node\egg-example2\node_modules\urllib\lib\urllib.js:735:15)
    at ontimeout (timers.js:488:11)
    at tryOnTimeout (timers.js:323:5)
    at Timer.listOnTimeout (timers.js:283:5)
name: 'ConnectionTimeoutError'
requestId: 1
data: undefined
path: '/v0/topics'
status: -2
headers: {}
res: { status: -2, statusCode: -2, headers: {}, size: 0, aborted: false, rt: 5016, keepAliveSocket: false, data: undefined, requestUrls: [ 'https://hacker-news.firebaseio.com/v0/topics' ], timing: null, remoteAddress: '35.201.97.85', remotePort: '' }
pid: 31396
hostname: AFOGL-608021031

2018-01-26 15:42:26,339 ERROR 32124 [-/127.0.0.1/-/1021ms GET /news] nodejs.RequestError: connect ECONNREFUSED 127.0.0.1:80 (req "error"), GET http:// https://cnodejs.org/api/v1/topics -1 (connected: false, keepalive socket: false, agent status: {"createSocketCount":1,"createSocketErrorCount":0,"closeSocketCount":0,"errorSocketCount":0,"timeoutSocketCount":0,"requestCount":0,"freeSockets":{},"sockets":{"localhost:80:":1},"requests":{}})
headers: {}
    at Object.exports._errnoException (util.js:1022:11)
    at exports._exceptionWithHostPort (util.js:1045:20)
    at TCPConnectWrap.afterConnect [as oncomplete] (net.js:1146:14)
code: 'ECONNREFUSED'
errno: 'ECONNREFUSED'
syscall: 'connect'
address: '127.0.0.1'
port: 80
name: 'RequestError'
data: undefined
path: '%20https://cnodejs.org/api/v1/topics'
status: -1
headers: {}
res: { status: -1, statusCode: -1, headers: {}, size: 0, aborted: false, rt: 1009, keepAliveSocket: false, data: undefined, requestUrls: [ 'http:///%20https://cnodejs.org/api/v1/topics' ], timing: null, remoteAddress: '127.0.0.1', remotePort: '' }
pid: 32124
hostname: AFOGL-608021031

2018-01-26 15:42:46,392 ERROR 32308 [-/127.0.0.1/-/815ms GET /news] nodejs.ReferenceError: idList is not defined
    at NewsService.list (D:\workspace\node\egg-example2\app\service\news.js:20:25)
    at <anonymous>
    at process._tickCallback (internal/process/next_tick.js:169:7)

pid: 32308
hostname: AFOGL-608021031

2018-01-26 16:05:16,611 ERROR 35308 [-/127.0.0.1/-/370ms GET /news] nodejs.ReferenceError: id is not defined
    at Promise.all.Object.keys.map.key (D:\workspace\node\egg-example2\app\service\news.js:20:57)
    at Array.map (native)
    at NewsService.list (D:\workspace\node\egg-example2\app\service\news.js:19:31)
    at <anonymous>
    at process._tickCallback (internal/process/next_tick.js:169:7)

pid: 35308
hostname: AFOGL-608021031

2018-01-26 16:10:31,818 ERROR 28152 [-/127.0.0.1/-/518ms GET /news] nodejs.JSONResponseFormatError: Unexpected token < in JSON at position 0 (data json format: "<html>\r\n<head><title>503 Service Temporarily Unavailable</title></head>\r\n<body bgcolor=\"white\">\r\n<center><h1>503 Service Temporarily Unavailable</h1></center>\r\n<hr><center>nginx/1.4.6 (Ubuntu)</center>\r\n</body>\r\n</html>\r\n"), GET https://cnodejs.org/api/v1/topic/5a50e0eba3692d014f4f1278 503 (connected: true, keepalive socket: false, agent status: {"createSocketCount":15,"createSocketErrorCount":0,"closeSocketCount":0,"errorSocketCount":0,"timeoutSocketCount":0,"requestCount":2,"freeSockets":{"cnodejs.org:443:::::::::":1},"sockets":{"cnodejs.org:443:::::::::":14},"requests":{}})
headers: {"server":"nginx/1.4.6 (Ubuntu)","date":"Fri, 26 Jan 2018 08:10:31 GMT","content-type":"text/html","content-length":"221","connection":"keep-alive"}
headers: {"server":"nginx/1.4.6 (Ubuntu)","date":"Fri, 26 Jan 2018 08:10:31 GMT","content-type":"text/html","content-length":"221","connection":"keep-alive"}
    at JSON.parse (<anonymous>)
    at parseJSON (D:\workspace\node\egg-example2\node_modules\urllib\lib\urllib.js:913:24)
    at D:\workspace\node\egg-example2\node_modules\urllib\lib\urllib.js:692:23
    at decodeContent (D:\workspace\node\egg-example2\node_modules\urllib\lib\urllib.js:532:14)
    at IncomingMessage.<anonymous> (D:\workspace\node\egg-example2\node_modules\urllib\lib\urllib.js:673:7)
    at emitNone (events.js:110:20)
    at IncomingMessage.emit (events.js:207:7)
    at endReadableNT (_stream_readable.js:1047:12)
    at _combinedTickCallback (internal/process/next_tick.js:102:11)
    at process._tickCallback (internal/process/next_tick.js:161:9)
name: 'JSONResponseFormatError'
data: '<html>\r\n<head><title>503 Service Temporarily Unavailable</title></head>\r\n<body bgcolor="white">\r\n<center><h1>503 Service Temporarily Unavailable</h1></center>\r\n<hr><center>nginx/1.4.6 (Ubuntu)</center>\r\n</body>\r\n</html>\r\n'
path: '/api/v1/topic/5a50e0eba3692d014f4f1278?mdrender=false'
status: 503
headers: { server: 'nginx/1.4.6 (Ubuntu)', date: 'Fri, 26 Jan 2018 08:10:31 GMT', 'content-type': 'text/html', 'content-length': '221', connection: 'keep-alive' }
res: { status: 503, statusCode: 503, headers:  { server: 'nginx/1.4.6 (Ubuntu)', date: 'Fri, 26 Jan 2018 08:10:31 GMT', 'content-type': 'text/html', 'content-length': '221', connection: 'keep-alive' }, size: 221, aborted: false, rt: 169, keepAliveSocket: false, data: '<html>\r\n<head><title>503 Service Temporarily Unavailable</title></head>\r\n<body bgcolor="white">\r\n<center><h1>503 Service Temporarily Unavailable</h1></center>\r\n<hr><center>nginx/1.4.6 (Ubuntu)</center>\r\n</body>\r\n</html>\r\n', requestUrls: [ 'https://cnodejs.org/api/v1/topic/5a50e0eba3692d014f4f1278' ], timing: null, remoteAddress: '123.59.77.142', remotePort: 443 }
pid: 28152
hostname: AFOGL-608021031

2018-01-26 16:12:11,019 ERROR 38424 [-/127.0.0.1/-/70ms GET /news] nodejs.SyntaxError: Unexpected token o in JSON at position 1
    at JSON.parse (<anonymous>)
    at NewsController.list (D:\workspace\node\egg-example2\app\controller\news.js:7:37)
    at Object.callFn (D:\workspace\node\egg-example2\node_modules\egg-core\lib\utils\index.js:44:21)
    at Object.classControllerMiddleware (D:\workspace\node\egg-example2\node_modules\egg-core\lib\loader\mixin\controller.js:84:20)
    at Object.callFn (D:\workspace\node\egg-example2\node_modules\egg-core\lib\utils\index.js:44:21)
    at wrappedController (D:\workspace\node\egg-example2\node_modules\egg-core\lib\utils\router.js:322:18)
    at dispatch (D:\workspace\node\egg-example2\node_modules\koa-router\node_modules\koa-compose\index.js:44:32)
    at next (D:\workspace\node\egg-example2\node_modules\koa-router\node_modules\koa-compose\index.js:45:18)
    at D:\workspace\node\egg-example2\node_modules\koa-router\lib\router.js:345:16
    at dispatch (D:\workspace\node\egg-example2\node_modules\koa-router\node_modules\koa-compose\index.js:44:32)

pid: 38424
hostname: AFOGL-608021031

2018-01-26 16:13:17,577 ERROR 25420 [-/127.0.0.1/-/484ms GET /news] nodejs.JSONResponseFormatError: Unexpected token < in JSON at position 0 (data json format: "<html>\r\n<head><title>503 Service Temporarily Unavailable</title></head>\r\n<body bgcolor=\"white\">\r\n<center><h1>503 Service Temporarily Unavailable</h1></center>\r\n<hr><center>nginx/1.4.6 (Ubuntu)</center>\r\n</body>\r\n</html>\r\n"), GET https://cnodejs.org/api/v1/topic/5a65baac9d371d4a059eed02 503 (connected: true, keepalive socket: false, agent status: {"createSocketCount":15,"createSocketErrorCount":0,"closeSocketCount":0,"errorSocketCount":0,"timeoutSocketCount":0,"requestCount":2,"freeSockets":{"cnodejs.org:443:::::::::":1},"sockets":{"cnodejs.org:443:::::::::":14},"requests":{}})
headers: {"server":"nginx/1.4.6 (Ubuntu)","date":"Fri, 26 Jan 2018 08:13:17 GMT","content-type":"text/html","content-length":"221","connection":"keep-alive"}
headers: {"server":"nginx/1.4.6 (Ubuntu)","date":"Fri, 26 Jan 2018 08:13:17 GMT","content-type":"text/html","content-length":"221","connection":"keep-alive"}
    at JSON.parse (<anonymous>)
    at parseJSON (D:\workspace\node\egg-example2\node_modules\urllib\lib\urllib.js:913:24)
    at D:\workspace\node\egg-example2\node_modules\urllib\lib\urllib.js:692:23
    at decodeContent (D:\workspace\node\egg-example2\node_modules\urllib\lib\urllib.js:532:14)
    at IncomingMessage.<anonymous> (D:\workspace\node\egg-example2\node_modules\urllib\lib\urllib.js:673:7)
    at emitNone (events.js:110:20)
    at IncomingMessage.emit (events.js:207:7)
    at endReadableNT (_stream_readable.js:1047:12)
    at _combinedTickCallback (internal/process/next_tick.js:102:11)
    at process._tickCallback (internal/process/next_tick.js:161:9)
name: 'JSONResponseFormatError'
data: '<html>\r\n<head><title>503 Service Temporarily Unavailable</title></head>\r\n<body bgcolor="white">\r\n<center><h1>503 Service Temporarily Unavailable</h1></center>\r\n<hr><center>nginx/1.4.6 (Ubuntu)</center>\r\n</body>\r\n</html>\r\n'
path: '/api/v1/topic/5a65baac9d371d4a059eed02'
status: 503
headers: { server: 'nginx/1.4.6 (Ubuntu)', date: 'Fri, 26 Jan 2018 08:13:17 GMT', 'content-type': 'text/html', 'content-length': '221', connection: 'keep-alive' }
res: { status: 503, statusCode: 503, headers:  { server: 'nginx/1.4.6 (Ubuntu)', date: 'Fri, 26 Jan 2018 08:13:17 GMT', 'content-type': 'text/html', 'content-length': '221', connection: 'keep-alive' }, size: 221, aborted: false, rt: 162, keepAliveSocket: false, data: '<html>\r\n<head><title>503 Service Temporarily Unavailable</title></head>\r\n<body bgcolor="white">\r\n<center><h1>503 Service Temporarily Unavailable</h1></center>\r\n<hr><center>nginx/1.4.6 (Ubuntu)</center>\r\n</body>\r\n</html>\r\n', requestUrls: [ 'https://cnodejs.org/api/v1/topic/5a65baac9d371d4a059eed02' ], timing: null, remoteAddress: '123.59.77.142', remotePort: 443 }
pid: 25420
hostname: AFOGL-608021031

2018-01-26 17:15:13,378 ERROR 25420 [-/127.0.0.1/-/504ms GET /news] nodejs.JSONResponseFormatError: Unexpected token < in JSON at position 0 (data json format: "<html>\r\n<head><title>503 Service Temporarily Unavailable</title></head>\r\n<body bgcolor=\"white\">\r\n<center><h1>503 Service Temporarily Unavailable</h1></center>\r\n<hr><center>nginx/1.4.6 (Ubuntu)</center>\r\n</body>\r\n</html>\r\n"), GET https://cnodejs.org/api/v1/topic/59523d04984e31dd458c14a4 503 (connected: true, keepalive socket: false, agent status: {"createSocketCount":30,"createSocketErrorCount":0,"closeSocketCount":15,"errorSocketCount":0,"timeoutSocketCount":15,"requestCount":18,"freeSockets":{"cnodejs.org:443:::::::::":1},"sockets":{"cnodejs.org:443:::::::::":14},"requests":{}})
headers: {"server":"nginx/1.4.6 (Ubuntu)","date":"Fri, 26 Jan 2018 09:15:13 GMT","content-type":"text/html","content-length":"221","connection":"keep-alive"}
headers: {"server":"nginx/1.4.6 (Ubuntu)","date":"Fri, 26 Jan 2018 09:15:13 GMT","content-type":"text/html","content-length":"221","connection":"keep-alive"}
    at JSON.parse (<anonymous>)
    at parseJSON (D:\workspace\node\egg-example2\node_modules\urllib\lib\urllib.js:913:24)
    at D:\workspace\node\egg-example2\node_modules\urllib\lib\urllib.js:692:23
    at decodeContent (D:\workspace\node\egg-example2\node_modules\urllib\lib\urllib.js:532:14)
    at IncomingMessage.<anonymous> (D:\workspace\node\egg-example2\node_modules\urllib\lib\urllib.js:673:7)
    at emitNone (events.js:110:20)
    at IncomingMessage.emit (events.js:207:7)
    at endReadableNT (_stream_readable.js:1047:12)
    at _combinedTickCallback (internal/process/next_tick.js:102:11)
    at process._tickCallback (internal/process/next_tick.js:161:9)
name: 'JSONResponseFormatError'
data: '<html>\r\n<head><title>503 Service Temporarily Unavailable</title></head>\r\n<body bgcolor="white">\r\n<center><h1>503 Service Temporarily Unavailable</h1></center>\r\n<hr><center>nginx/1.4.6 (Ubuntu)</center>\r\n</body>\r\n</html>\r\n'
path: '/api/v1/topic/59523d04984e31dd458c14a4'
status: 503
headers: { server: 'nginx/1.4.6 (Ubuntu)', date: 'Fri, 26 Jan 2018 09:15:13 GMT', 'content-type': 'text/html', 'content-length': '221', connection: 'keep-alive' }
res: { status: 503, statusCode: 503, headers:  { server: 'nginx/1.4.6 (Ubuntu)', date: 'Fri, 26 Jan 2018 09:15:13 GMT', 'content-type': 'text/html', 'content-length': '221', connection: 'keep-alive' }, size: 221, aborted: false, rt: 165, keepAliveSocket: false, data: '<html>\r\n<head><title>503 Service Temporarily Unavailable</title></head>\r\n<body bgcolor="white">\r\n<center><h1>503 Service Temporarily Unavailable</h1></center>\r\n<hr><center>nginx/1.4.6 (Ubuntu)</center>\r\n</body>\r\n</html>\r\n', requestUrls: [ 'https://cnodejs.org/api/v1/topic/59523d04984e31dd458c14a4' ], timing: null, remoteAddress: '123.59.77.142', remotePort: 443 }
pid: 25420
hostname: AFOGL-608021031

2018-01-26 17:15:38,420 ERROR 36220 [-/127.0.0.1/-/506ms GET /news] nodejs.JSONResponseFormatError: Unexpected token < in JSON at position 0 (data json format: "<html>\r\n<head><title>503 Service Temporarily Unavailable</title></head>\r\n<body bgcolor=\"white\">\r\n<center><h1>503 Service Temporarily Unavailable</h1></center>\r\n<hr><center>nginx/1.4.6 (Ubuntu)</center>\r\n</body>\r\n</html>\r\n"), GET https://cnodejs.org/api/v1/topic/5a6a7e9d9288dc8153288204 503 (connected: true, keepalive socket: false, agent status: {"createSocketCount":15,"createSocketErrorCount":0,"closeSocketCount":0,"errorSocketCount":0,"timeoutSocketCount":0,"requestCount":2,"freeSockets":{"cnodejs.org:443:::::::::":1},"sockets":{"cnodejs.org:443:::::::::":14},"requests":{}})
headers: {"server":"nginx/1.4.6 (Ubuntu)","date":"Fri, 26 Jan 2018 09:15:38 GMT","content-type":"text/html","content-length":"221","connection":"keep-alive"}
headers: {"server":"nginx/1.4.6 (Ubuntu)","date":"Fri, 26 Jan 2018 09:15:38 GMT","content-type":"text/html","content-length":"221","connection":"keep-alive"}
    at JSON.parse (<anonymous>)
    at parseJSON (D:\workspace\node\egg-example2\node_modules\urllib\lib\urllib.js:913:24)
    at D:\workspace\node\egg-example2\node_modules\urllib\lib\urllib.js:692:23
    at decodeContent (D:\workspace\node\egg-example2\node_modules\urllib\lib\urllib.js:532:14)
    at IncomingMessage.<anonymous> (D:\workspace\node\egg-example2\node_modules\urllib\lib\urllib.js:673:7)
    at emitNone (events.js:110:20)
    at IncomingMessage.emit (events.js:207:7)
    at endReadableNT (_stream_readable.js:1047:12)
    at _combinedTickCallback (internal/process/next_tick.js:102:11)
    at process._tickCallback (internal/process/next_tick.js:161:9)
name: 'JSONResponseFormatError'
data: '<html>\r\n<head><title>503 Service Temporarily Unavailable</title></head>\r\n<body bgcolor="white">\r\n<center><h1>503 Service Temporarily Unavailable</h1></center>\r\n<hr><center>nginx/1.4.6 (Ubuntu)</center>\r\n</body>\r\n</html>\r\n'
path: '/api/v1/topic/5a6a7e9d9288dc8153288204'
status: 503
headers: { server: 'nginx/1.4.6 (Ubuntu)', date: 'Fri, 26 Jan 2018 09:15:38 GMT', 'content-type': 'text/html', 'content-length': '221', connection: 'keep-alive' }
res: { status: 503, statusCode: 503, headers:  { server: 'nginx/1.4.6 (Ubuntu)', date: 'Fri, 26 Jan 2018 09:15:38 GMT', 'content-type': 'text/html', 'content-length': '221', connection: 'keep-alive' }, size: 221, aborted: false, rt: 160, keepAliveSocket: false, data: '<html>\r\n<head><title>503 Service Temporarily Unavailable</title></head>\r\n<body bgcolor="white">\r\n<center><h1>503 Service Temporarily Unavailable</h1></center>\r\n<hr><center>nginx/1.4.6 (Ubuntu)</center>\r\n</body>\r\n</html>\r\n', requestUrls: [ 'https://cnodejs.org/api/v1/topic/5a6a7e9d9288dc8153288204' ], timing: null, remoteAddress: '123.59.77.142', remotePort: 443 }
pid: 36220
hostname: AFOGL-608021031

2018-01-26 17:16:10,075 ERROR 22748 [-/127.0.0.1/-/490ms GET /news] nodejs.JSONResponseFormatError: Unexpected token < in JSON at position 0 (data json format: "<html>\r\n<head><title>503 Service Temporarily Unavailable</title></head>\r\n<body bgcolor=\"white\">\r\n<center><h1>503 Service Temporarily Unavailable</h1></center>\r\n<hr><center>nginx/1.4.6 (Ubuntu)</center>\r\n</body>\r\n</html>\r\n"), GET https://cnodejs.org/api/v1/topic/5a68a163ce45d44045146312 503 (connected: true, keepalive socket: false, agent status: {"createSocketCount":15,"createSocketErrorCount":0,"closeSocketCount":0,"errorSocketCount":0,"timeoutSocketCount":0,"requestCount":2,"freeSockets":{"cnodejs.org:443:::::::::":1},"sockets":{"cnodejs.org:443:::::::::":14},"requests":{}})
headers: {"server":"nginx/1.4.6 (Ubuntu)","date":"Fri, 26 Jan 2018 09:16:09 GMT","content-type":"text/html","content-length":"221","connection":"keep-alive"}
headers: {"server":"nginx/1.4.6 (Ubuntu)","date":"Fri, 26 Jan 2018 09:16:09 GMT","content-type":"text/html","content-length":"221","connection":"keep-alive"}
    at JSON.parse (<anonymous>)
    at parseJSON (D:\workspace\node\egg-example2\node_modules\urllib\lib\urllib.js:913:24)
    at D:\workspace\node\egg-example2\node_modules\urllib\lib\urllib.js:692:23
    at decodeContent (D:\workspace\node\egg-example2\node_modules\urllib\lib\urllib.js:532:14)
    at IncomingMessage.<anonymous> (D:\workspace\node\egg-example2\node_modules\urllib\lib\urllib.js:673:7)
    at emitNone (events.js:110:20)
    at IncomingMessage.emit (events.js:207:7)
    at endReadableNT (_stream_readable.js:1047:12)
    at _combinedTickCallback (internal/process/next_tick.js:102:11)
    at process._tickCallback (internal/process/next_tick.js:161:9)
name: 'JSONResponseFormatError'
data: '<html>\r\n<head><title>503 Service Temporarily Unavailable</title></head>\r\n<body bgcolor="white">\r\n<center><h1>503 Service Temporarily Unavailable</h1></center>\r\n<hr><center>nginx/1.4.6 (Ubuntu)</center>\r\n</body>\r\n</html>\r\n'
path: '/api/v1/topic/5a68a163ce45d44045146312'
status: 503
headers: { server: 'nginx/1.4.6 (Ubuntu)', date: 'Fri, 26 Jan 2018 09:16:09 GMT', 'content-type': 'text/html', 'content-length': '221', connection: 'keep-alive' }
res: { status: 503, statusCode: 503, headers:  { server: 'nginx/1.4.6 (Ubuntu)', date: 'Fri, 26 Jan 2018 09:16:09 GMT', 'content-type': 'text/html', 'content-length': '221', connection: 'keep-alive' }, size: 221, aborted: false, rt: 174, keepAliveSocket: false, data: '<html>\r\n<head><title>503 Service Temporarily Unavailable</title></head>\r\n<body bgcolor="white">\r\n<center><h1>503 Service Temporarily Unavailable</h1></center>\r\n<hr><center>nginx/1.4.6 (Ubuntu)</center>\r\n</body>\r\n</html>\r\n', requestUrls: [ 'https://cnodejs.org/api/v1/topic/5a68a163ce45d44045146312' ], timing: null, remoteAddress: '123.59.77.142', remotePort: 443 }
pid: 22748
hostname: AFOGL-608021031

2018-01-26 17:17:53,905 ERROR 9152 [-/127.0.0.1/-/5030ms GET /news] nodejs.ConnectionTimeoutError: Connect timeout for 5000ms, GET https://hacker-news.firebaseio.com/v0/topstories.json -2 (connected: false, keepalive socket: false, agent status: {"createSocketCount":1,"createSocketErrorCount":0,"closeSocketCount":1,"errorSocketCount":0,"timeoutSocketCount":0,"requestCount":0,"freeSockets":{},"sockets":{},"requests":{}})
headers: {}
headers: {}
    at Timeout._onTimeout (D:\workspace\node\egg-example2\node_modules\urllib\lib\urllib.js:735:15)
    at ontimeout (timers.js:488:11)
    at tryOnTimeout (timers.js:323:5)
    at Timer.listOnTimeout (timers.js:283:5)
name: 'ConnectionTimeoutError'
requestId: 1
data: undefined
path: '/v0/topstories.json?orderBy=%22%24key%22&startAt=%220%22&endAt=%224%22'
status: -2
headers: {}
res: { status: -2, statusCode: -2, headers: {}, size: 0, aborted: false, rt: 5016, keepAliveSocket: false, data: undefined, requestUrls: [ 'https://hacker-news.firebaseio.com/v0/topstories.json' ], timing: null, remoteAddress: '35.201.97.85', remotePort: '' }
pid: 9152
hostname: AFOGL-608021031

2018-01-26 17:18:18,732 ERROR 9152 [-/127.0.0.1/-/5005ms GET /news] nodejs.ConnectionTimeoutError: Connect timeout for 5000ms, GET https://hacker-news.firebaseio.com/v0/topstories.json -2 (connected: false, keepalive socket: false, agent status: {"createSocketCount":2,"createSocketErrorCount":0,"closeSocketCount":2,"errorSocketCount":0,"timeoutSocketCount":0,"requestCount":0,"freeSockets":{},"sockets":{},"requests":{}})
headers: {}
headers: {}
    at Timeout._onTimeout (D:\workspace\node\egg-example2\node_modules\urllib\lib\urllib.js:735:15)
    at ontimeout (timers.js:488:11)
    at tryOnTimeout (timers.js:323:5)
    at Timer.listOnTimeout (timers.js:283:5)
name: 'ConnectionTimeoutError'
requestId: 2
data: undefined
path: '/v0/topstories.json?orderBy=%22%24key%22&startAt=%220%22&endAt=%224%22'
status: -2
headers: {}
res: { status: -2, statusCode: -2, headers: {}, size: 0, aborted: false, rt: 5005, keepAliveSocket: false, data: undefined, requestUrls: [ 'https://hacker-news.firebaseio.com/v0/topstories.json' ], timing: null, remoteAddress: '35.201.97.85', remotePort: '' }
pid: 9152
hostname: AFOGL-608021031

2018-01-26 17:20:36,775 ERROR 37668 nodejs.unhandledExceptionError: read ECONNRESET
    at exports._errnoException (util.js:1022:11)
    at TCP.onread (net.js:610:25)
code: 'ECONNRESET'
errno: 'ECONNRESET'
syscall: 'read'
name: 'unhandledExceptionError'
pid: 37668
hostname: AFOGL-608021031

2018-01-26 17:20:53,458 ERROR 45788 [-/127.0.0.1/-/5016ms GET /news] nodejs.ConnectionTimeoutError: Connect timeout for 5000ms, GET http://hacker-news.firebaseio.com/v0/topstories.json -2 (connected: false, keepalive socket: false, agent status: {"createSocketCount":1,"createSocketErrorCount":0,"closeSocketCount":1,"errorSocketCount":0,"timeoutSocketCount":0,"requestCount":0,"freeSockets":{},"sockets":{},"requests":{}})
headers: {}
headers: {}
    at Timeout._onTimeout (D:\workspace\node\egg-example2\node_modules\urllib\lib\urllib.js:735:15)
    at ontimeout (timers.js:488:11)
    at tryOnTimeout (timers.js:323:5)
    at Timer.listOnTimeout (timers.js:283:5)
name: 'ConnectionTimeoutError'
requestId: 1
data: undefined
path: '/v0/topstories.json?orderBy=%22%24key%22&startAt=%220%22&endAt=%224%22'
status: -2
headers: {}
res: { status: -2, statusCode: -2, headers: {}, size: 0, aborted: false, rt: 5006, keepAliveSocket: false, data: undefined, requestUrls: [ 'http://hacker-news.firebaseio.com/v0/topstories.json' ], timing: null, remoteAddress: '35.201.97.85', remotePort: '' }
pid: 45788
hostname: AFOGL-608021031

2018-01-26 17:41:38,016 ERROR 45788 [-/127.0.0.1/-/5004ms GET /news] nodejs.ConnectionTimeoutError: Connect timeout for 5000ms, GET http://hacker-news.firebaseio.com/v0/topstories.json -2 (connected: false, keepalive socket: false, agent status: {"createSocketCount":2,"createSocketErrorCount":0,"closeSocketCount":2,"errorSocketCount":0,"timeoutSocketCount":0,"requestCount":0,"freeSockets":{},"sockets":{},"requests":{}})
headers: {}
headers: {}
    at Timeout._onTimeout (D:\workspace\node\egg-example2\node_modules\urllib\lib\urllib.js:735:15)
    at ontimeout (timers.js:488:11)
    at tryOnTimeout (timers.js:323:5)
    at Timer.listOnTimeout (timers.js:283:5)
name: 'ConnectionTimeoutError'
requestId: 2
data: undefined
path: '/v0/topstories.json?orderBy=%22%24key%22&startAt=%220%22&endAt=%224%22'
status: -2
headers: {}
res: { status: -2, statusCode: -2, headers: {}, size: 0, aborted: false, rt: 5002, keepAliveSocket: false, data: undefined, requestUrls: [ 'http://hacker-news.firebaseio.com/v0/topstories.json' ], timing: null, remoteAddress: '35.201.97.85', remotePort: '' }
pid: 45788
hostname: AFOGL-608021031

2018-01-29 09:13:59,417 ERROR 12740 [-/127.0.0.1/-/5046ms GET /news] nodejs.ConnectionTimeoutError: Connect timeout for 5000ms, GET http://hacker-news.firebaseio.com/v0/topstories.json -2 (connected: false, keepalive socket: false, agent status: {"createSocketCount":1,"createSocketErrorCount":0,"closeSocketCount":1,"errorSocketCount":0,"timeoutSocketCount":0,"requestCount":0,"freeSockets":{},"sockets":{},"requests":{}})
headers: {}
headers: {}
    at Timeout._onTimeout (D:\workspace\node\egg-example2\node_modules\urllib\lib\urllib.js:735:15)
    at ontimeout (timers.js:488:11)
    at tryOnTimeout (timers.js:323:5)
    at Timer.listOnTimeout (timers.js:283:5)
name: 'ConnectionTimeoutError'
requestId: 1
data: undefined
path: '/v0/topstories.json?orderBy=%22%24key%22&startAt=%220%22&endAt=%224%22'
status: -2
headers: {}
res: { status: -2, statusCode: -2, headers: {}, size: 0, aborted: false, rt: 5017, keepAliveSocket: false, data: undefined, requestUrls: [ 'http://hacker-news.firebaseio.com/v0/topstories.json' ], timing: null, remoteAddress: '35.201.97.85', remotePort: '' }
pid: 12740
hostname: AFOGL-608021031

2018-01-29 10:04:42,287 ERROR 19028 nodejs.ClusterClientNoResponseError: client no response in 76736ms exceeding maxIdleTime 60000ms, maybe the connection is close on other side.
    at Timeout.Leader._heartbeatTimer.setInterval [as _onTimeout] (D:\workspace\node\egg-example2\node_modules\cluster-client\lib\leader.js:73:23)
    at ontimeout (timers.js:488:11)
    at tryOnTimeout (timers.js:323:5)
    at Timer.listOnTimeout (timers.js:283:5)
name: 'ClusterClientNoResponseError'
pid: 19028
hostname: AFOGL-608021031

2018-01-29 10:09:22,295 ERROR 19028 nodejs.ClusterClientNoResponseError: client no response in 62778ms exceeding maxIdleTime 60000ms, maybe the connection is close on other side.
    at Timeout.Leader._heartbeatTimer.setInterval [as _onTimeout] (D:\workspace\node\egg-example2\node_modules\cluster-client\lib\leader.js:73:23)
    at ontimeout (timers.js:488:11)
    at tryOnTimeout (timers.js:323:5)
    at Timer.listOnTimeout (timers.js:283:5)
name: 'ClusterClientNoResponseError'
pid: 19028
hostname: AFOGL-608021031

2018-01-30 09:48:09,054 ERROR 13032 [-/127.0.0.1/-/24ms GET /news] nodejs.TypeError: console.lo is not a function
    at NewsController.list (D:\workspace\node\egg-example2\app\controller\news.js:6:17)
    at Object.callFn (D:\workspace\node\egg-example2\node_modules\egg-core\lib\utils\index.js:44:21)
    at Object.classControllerMiddleware (D:\workspace\node\egg-example2\node_modules\egg-core\lib\loader\mixin\controller.js:84:20)
    at Object.callFn (D:\workspace\node\egg-example2\node_modules\egg-core\lib\utils\index.js:44:21)
    at wrappedController (D:\workspace\node\egg-example2\node_modules\egg-core\lib\utils\router.js:322:18)
    at dispatch (D:\workspace\node\egg-example2\node_modules\koa-router\node_modules\koa-compose\index.js:44:32)
    at next (D:\workspace\node\egg-example2\node_modules\koa-router\node_modules\koa-compose\index.js:45:18)
    at gzip (D:\workspace\node\egg-example2\app\middleware\gzip.js:6:11)
    at dispatch (D:\workspace\node\egg-example2\node_modules\koa-router\node_modules\koa-compose\index.js:44:32)
    at next (D:\workspace\node\egg-example2\node_modules\koa-router\node_modules\koa-compose\index.js:45:18)

pid: 13032
hostname: AFOGL-608021031

2018-01-30 10:30:10,916 ERROR 676 [-/127.0.0.1/-/16ms GET /news] nodejs.TypeError: this.app.bar is not a function
    at NewsController.list (D:\workspace\node\egg-example2\app\controller\news.js:7:39)
    at Object.callFn (D:\workspace\node\egg-example2\node_modules\egg-core\lib\utils\index.js:44:21)
    at Object.classControllerMiddleware (D:\workspace\node\egg-example2\node_modules\egg-core\lib\loader\mixin\controller.js:84:20)
    at Object.callFn (D:\workspace\node\egg-example2\node_modules\egg-core\lib\utils\index.js:44:21)
    at wrappedController (D:\workspace\node\egg-example2\node_modules\egg-core\lib\utils\router.js:322:18)
    at dispatch (D:\workspace\node\egg-example2\node_modules\koa-router\node_modules\koa-compose\index.js:44:32)
    at next (D:\workspace\node\egg-example2\node_modules\koa-router\node_modules\koa-compose\index.js:45:18)
    at gzip (D:\workspace\node\egg-example2\app\middleware\gzip.js:6:11)
    at dispatch (D:\workspace\node\egg-example2\node_modules\koa-router\node_modules\koa-compose\index.js:44:32)
    at next (D:\workspace\node\egg-example2\node_modules\koa-router\node_modules\koa-compose\index.js:45:18)

pid: 676
hostname: AFOGL-608021031

2018-01-30 10:30:32,044 ERROR 18160 [-/127.0.0.1/-/9ms GET /news] nodejs.TypeError: this.ctx.app.bar is not a function
    at NewsController.list (D:\workspace\node\egg-example2\app\controller\news.js:7:43)
    at Object.callFn (D:\workspace\node\egg-example2\node_modules\egg-core\lib\utils\index.js:44:21)
    at Object.classControllerMiddleware (D:\workspace\node\egg-example2\node_modules\egg-core\lib\loader\mixin\controller.js:84:20)
    at Object.callFn (D:\workspace\node\egg-example2\node_modules\egg-core\lib\utils\index.js:44:21)
    at wrappedController (D:\workspace\node\egg-example2\node_modules\egg-core\lib\utils\router.js:322:18)
    at dispatch (D:\workspace\node\egg-example2\node_modules\koa-router\node_modules\koa-compose\index.js:44:32)
    at next (D:\workspace\node\egg-example2\node_modules\koa-router\node_modules\koa-compose\index.js:45:18)
    at gzip (D:\workspace\node\egg-example2\app\middleware\gzip.js:6:11)
    at dispatch (D:\workspace\node\egg-example2\node_modules\koa-router\node_modules\koa-compose\index.js:44:32)
    at next (D:\workspace\node\egg-example2\node_modules\koa-router\node_modules\koa-compose\index.js:45:18)

pid: 18160
hostname: AFOGL-608021031

2018-01-30 10:30:40,597 ERROR 16544 [-/127.0.0.1/-/8ms GET /news] nodejs.TypeError: this.ctx.app.bar is not a function
    at NewsController.list (D:\workspace\node\egg-example2\app\controller\news.js:7:43)
    at Object.callFn (D:\workspace\node\egg-example2\node_modules\egg-core\lib\utils\index.js:44:21)
    at Object.classControllerMiddleware (D:\workspace\node\egg-example2\node_modules\egg-core\lib\loader\mixin\controller.js:84:20)
    at Object.callFn (D:\workspace\node\egg-example2\node_modules\egg-core\lib\utils\index.js:44:21)
    at wrappedController (D:\workspace\node\egg-example2\node_modules\egg-core\lib\utils\router.js:322:18)
    at dispatch (D:\workspace\node\egg-example2\node_modules\koa-router\node_modules\koa-compose\index.js:44:32)
    at next (D:\workspace\node\egg-example2\node_modules\koa-router\node_modules\koa-compose\index.js:45:18)
    at gzip (D:\workspace\node\egg-example2\app\middleware\gzip.js:6:11)
    at dispatch (D:\workspace\node\egg-example2\node_modules\koa-router\node_modules\koa-compose\index.js:44:32)
    at next (D:\workspace\node\egg-example2\node_modules\koa-router\node_modules\koa-compose\index.js:45:18)

pid: 16544
hostname: AFOGL-608021031

2018-01-30 10:32:54,037 ERROR 17848 [-/undefined/-/6965ms GET /news] nodejs.Error: stream.push() after EOF
    at readableAddChunk (_stream_readable.js:229:30)
    at Gzip.Readable.push (_stream_readable.js:197:10)
    at Gzip.Transform.push (_stream_transform.js:151:32)
    at Zlib.callback (zlib.js:444:14)
headerSent: true
pid: 17848
hostname: AFOGL-608021031

2018-01-30 10:32:54,038 ERROR 17848 [-/undefined/-/6967ms GET /news] nodejs.Error: stream.push() after EOF
    at readableAddChunk (_stream_readable.js:229:30)
    at Gzip.Readable.push (_stream_readable.js:197:10)
    at Gzip.Transform.push (_stream_transform.js:151:32)
    at Zlib.callback (zlib.js:444:14)
headerSent: true
pid: 17848
hostname: AFOGL-608021031

