2018-01-26 15:43:12,506 WARN 32692 [-/127.0.0.1/-/712ms GET /news] nodejs.JSONResponseFormatError: Unexpected token < in JSON at position 0 (data json format: "<!DOCTYPE html>\n<html lang=\"en\">\n<head>\n<meta charset=\"utf-8\">\n<title>Error</title>\n</head>\n<body>\n<pre>Cannot GET /api/v1/item/true.json</pre>\n</body>\n</html>\n"), GET https://cnodejs.org/api/v1/item/true.json 404 (connected: true, keepalive socket: true, agent status: {"createSocketCount":2,"createSocketErrorCount":0,"closeSocketCount":0,"errorSocketCount":0,"timeoutSocketCount":0,"requestCount":1,"freeSockets":{},"sockets":{"cnodejs.org:443:::::::::":2},"requests":{}})
headers: {"server":"nginx/1.4.6 (Ubuntu)","date":"Fri, 26 Jan 2018 07:43:12 GMT","content-type":"text/html; charset=utf-8","content-length":"160","connection":"keep-alive","vary":"Accept-Encoding, Accept-Encoding","x-powered-by":"Express","x-frame-options":"SAMEORIGIN","access-control-allow-origin":"*","content-security-policy":"default-src 'self'","x-content-type-options":"nosniff","x-response-time":"3.527ms"}
headers: {"server":"nginx/1.4.6 (Ubuntu)","date":"Fri, 26 Jan 2018 07:43:12 GMT","content-type":"text/html; charset=utf-8","content-length":"160","connection":"keep-alive","vary":"Accept-Encoding, Accept-Encoding","x-powered-by":"Express","x-frame-options":"SAMEORIGIN","access-control-allow-origin":"*","content-security-policy":"default-src 'self'","x-content-type-options":"nosniff","x-response-time":"3.527ms"}
    at JSON.parse (<anonymous>)
    at parseJSON (D:\workspace\node\egg-example2\node_modules\urllib\lib\urllib.js:913:24)
    at D:\workspace\node\egg-example2\node_modules\urllib\lib\urllib.js:692:23
    at decodeContent (D:\workspace\node\egg-example2\node_modules\urllib\lib\urllib.js:532:14)
    at IncomingMessage.<anonymous> (D:\workspace\node\egg-example2\node_modules\urllib\lib\urllib.js:673:7)
    at emitNone (events.js:110:20)
    at IncomingMessage.emit (events.js:207:7)
    at endReadableNT (_stream_readable.js:1047:12)
    at _combinedTickCallback (internal/process/next_tick.js:102:11)
    at process._tickCallback (internal/process/next_tick.js:161:9)
name: 'JSONResponseFormatError'
data: '<!DOCTYPE html>\n<html lang="en">\n<head>\n<meta charset="utf-8">\n<title>Error</title>\n</head>\n<body>\n<pre>Cannot GET /api/v1/item/true.json</pre>\n</body>\n</html>\n'
path: '/api/v1/item/true.json'
status: 404
headers: { server: 'nginx/1.4.6 (Ubuntu)', date: 'Fri, 26 Jan 2018 07:43:12 GMT', 'content-type': 'text/html; charset=utf-8', 'content-length': '160', connection: 'keep-alive', vary: 'Accept-Encoding, Accept-Encoding', 'x-powered-by': 'Express', 'x-frame-options': 'SAMEORIGIN', 'access-control-allow-origin': '*', 'content-security-policy': 'default-src \'self\'', 'x-content-type-options': 'nosniff', 'x-response-time': '3.527ms' }
res: { status: 404, statusCode: 404, headers:  { server: 'nginx/1.4.6 (Ubuntu)', date: 'Fri, 26 Jan 2018 07:43:12 GMT', 'content-type': 'text/html; charset=utf-8', 'content-length': '160', connection: 'keep-alive', vary: 'Accept-Encoding, Accept-Encoding', 'x-powered-by': 'Express', 'x-frame-options': 'SAMEORIGIN', 'access-control-allow-origin': '*', 'content-security-policy': 'default-src \'self\'', 'x-content-type-options': 'nosniff', 'x-response-time': '3.527ms' }, size: 160, aborted: false, rt: 122, keepAliveSocket: true, data: '<!DOCTYPE html>\n<html lang="en">\n<head>\n<meta charset="utf-8">\n<title>Error</title>\n</head>\n<body>\n<pre>Cannot GET /api/v1/item/true.json</pre>\n</body>\n</html>\n', requestUrls: [ 'https://cnodejs.org/api/v1/item/true.json' ], timing: null, remoteAddress: '123.59.77.142', remotePort: 443 }
pid: 32692
hostname: AFOGL-608021031

2018-01-26 16:05:53,909 WARN 25400 [-/127.0.0.1/-/408ms GET /news] nodejs.JSONResponseFormatError: Unexpected token < in JSON at position 0 (data json format: "<!DOCTYPE html>\n<html lang=\"en\">\n<head>\n<meta charset=\"utf-8\">\n<title>Error</title>\n</head>\n<body>\n<pre>Cannot GET /api/v1/topics/[object%20Object]</pre>\n</body>\n</html>\n"), GET https://cnodejs.org/api/v1/topics/[object Object] 404 (connected: true, keepalive socket: true, agent status: {"createSocketCount":15,"createSocketErrorCount":0,"closeSocketCount":0,"errorSocketCount":0,"timeoutSocketCount":0,"requestCount":1,"freeSockets":{},"sockets":{"cnodejs.org:443:::::::::":15},"requests":{}})
headers: {"server":"nginx/1.4.6 (Ubuntu)","date":"Fri, 26 Jan 2018 08:05:53 GMT","content-type":"text/html; charset=utf-8","content-length":"170","connection":"keep-alive","vary":"Accept-Encoding, Accept-Encoding","x-powered-by":"Express","x-frame-options":"SAMEORIGIN","access-control-allow-origin":"*","content-security-policy":"default-src 'self'","x-content-type-options":"nosniff","x-response-time":"2.177ms"}
headers: {"server":"nginx/1.4.6 (Ubuntu)","date":"Fri, 26 Jan 2018 08:05:53 GMT","content-type":"text/html; charset=utf-8","content-length":"170","connection":"keep-alive","vary":"Accept-Encoding, Accept-Encoding","x-powered-by":"Express","x-frame-options":"SAMEORIGIN","access-control-allow-origin":"*","content-security-policy":"default-src 'self'","x-content-type-options":"nosniff","x-response-time":"2.177ms"}
    at JSON.parse (<anonymous>)
    at parseJSON (D:\workspace\node\egg-example2\node_modules\urllib\lib\urllib.js:913:24)
    at D:\workspace\node\egg-example2\node_modules\urllib\lib\urllib.js:692:23
    at decodeContent (D:\workspace\node\egg-example2\node_modules\urllib\lib\urllib.js:532:14)
    at IncomingMessage.<anonymous> (D:\workspace\node\egg-example2\node_modules\urllib\lib\urllib.js:673:7)
    at emitNone (events.js:110:20)
    at IncomingMessage.emit (events.js:207:7)
    at endReadableNT (_stream_readable.js:1047:12)
    at _combinedTickCallback (internal/process/next_tick.js:102:11)
    at process._tickCallback (internal/process/next_tick.js:161:9)
name: 'JSONResponseFormatError'
data: '<!DOCTYPE html>\n<html lang="en">\n<head>\n<meta charset="utf-8">\n<title>Error</title>\n</head>\n<body>\n<pre>Cannot GET /api/v1/topics/[object%20Object]</pre>\n</body>\n</html>\n'
path: '/api/v1/topics/[object%20Object]'
status: 404
headers: { server: 'nginx/1.4.6 (Ubuntu)', date: 'Fri, 26 Jan 2018 08:05:53 GMT', 'content-type': 'text/html; charset=utf-8', 'content-length': '170', connection: 'keep-alive', vary: 'Accept-Encoding, Accept-Encoding', 'x-powered-by': 'Express', 'x-frame-options': 'SAMEORIGIN', 'access-control-allow-origin': '*', 'content-security-policy': 'default-src \'self\'', 'x-content-type-options': 'nosniff', 'x-response-time': '2.177ms' }
res: { status: 404, statusCode: 404, headers:  { server: 'nginx/1.4.6 (Ubuntu)', date: 'Fri, 26 Jan 2018 08:05:53 GMT', 'content-type': 'text/html; charset=utf-8', 'content-length': '170', connection: 'keep-alive', vary: 'Accept-Encoding, Accept-Encoding', 'x-powered-by': 'Express', 'x-frame-options': 'SAMEORIGIN', 'access-control-allow-origin': '*', 'content-security-policy': 'default-src \'self\'', 'x-content-type-options': 'nosniff', 'x-response-time': '2.177ms' }, size: 170, aborted: false, rt: 71, keepAliveSocket: true, data: '<!DOCTYPE html>\n<html lang="en">\n<head>\n<meta charset="utf-8">\n<title>Error</title>\n</head>\n<body>\n<pre>Cannot GET /api/v1/topics/[object%20Object]</pre>\n</body>\n</html>\n', requestUrls: [ 'https://cnodejs.org/api/v1/topics/[object%20Object]' ], timing: null, remoteAddress: '123.59.77.142', remotePort: 443 }
pid: 25400
hostname: AFOGL-608021031

2018-01-26 16:06:20,719 WARN 36676 [-/127.0.0.1/-/475ms GET /news] nodejs.JSONResponseFormatError: Unexpected token < in JSON at position 0 (data json format: "<!DOCTYPE html>\n<html lang=\"en\">\n<head>\n<meta charset=\"utf-8\">\n<title>Error</title>\n</head>\n<body>\n<pre>Cannot GET /api/v1/topics/[object%20Object]</pre>\n</body>\n</html>\n"), GET https://cnodejs.org/api/v1/topics/[object Object] 404 (connected: true, keepalive socket: true, agent status: {"createSocketCount":15,"createSocketErrorCount":0,"closeSocketCount":0,"errorSocketCount":0,"timeoutSocketCount":0,"requestCount":1,"freeSockets":{},"sockets":{"cnodejs.org:443:::::::::":15},"requests":{}})
headers: {"server":"nginx/1.4.6 (Ubuntu)","date":"Fri, 26 Jan 2018 08:06:20 GMT","content-type":"text/html; charset=utf-8","content-length":"170","connection":"keep-alive","vary":"Accept-Encoding, Accept-Encoding","x-powered-by":"Express","x-frame-options":"SAMEORIGIN","access-control-allow-origin":"*","content-security-policy":"default-src 'self'","x-content-type-options":"nosniff","x-response-time":"1.996ms"}
headers: {"server":"nginx/1.4.6 (Ubuntu)","date":"Fri, 26 Jan 2018 08:06:20 GMT","content-type":"text/html; charset=utf-8","content-length":"170","connection":"keep-alive","vary":"Accept-Encoding, Accept-Encoding","x-powered-by":"Express","x-frame-options":"SAMEORIGIN","access-control-allow-origin":"*","content-security-policy":"default-src 'self'","x-content-type-options":"nosniff","x-response-time":"1.996ms"}
    at JSON.parse (<anonymous>)
    at parseJSON (D:\workspace\node\egg-example2\node_modules\urllib\lib\urllib.js:913:24)
    at D:\workspace\node\egg-example2\node_modules\urllib\lib\urllib.js:692:23
    at decodeContent (D:\workspace\node\egg-example2\node_modules\urllib\lib\urllib.js:532:14)
    at IncomingMessage.<anonymous> (D:\workspace\node\egg-example2\node_modules\urllib\lib\urllib.js:673:7)
    at emitNone (events.js:110:20)
    at IncomingMessage.emit (events.js:207:7)
    at endReadableNT (_stream_readable.js:1047:12)
    at _combinedTickCallback (internal/process/next_tick.js:102:11)
    at process._tickCallback (internal/process/next_tick.js:161:9)
name: 'JSONResponseFormatError'
data: '<!DOCTYPE html>\n<html lang="en">\n<head>\n<meta charset="utf-8">\n<title>Error</title>\n</head>\n<body>\n<pre>Cannot GET /api/v1/topics/[object%20Object]</pre>\n</body>\n</html>\n'
path: '/api/v1/topics/[object%20Object]'
status: 404
headers: { server: 'nginx/1.4.6 (Ubuntu)', date: 'Fri, 26 Jan 2018 08:06:20 GMT', 'content-type': 'text/html; charset=utf-8', 'content-length': '170', connection: 'keep-alive', vary: 'Accept-Encoding, Accept-Encoding', 'x-powered-by': 'Express', 'x-frame-options': 'SAMEORIGIN', 'access-control-allow-origin': '*', 'content-security-policy': 'default-src \'self\'', 'x-content-type-options': 'nosniff', 'x-response-time': '1.996ms' }
res: { status: 404, statusCode: 404, headers:  { server: 'nginx/1.4.6 (Ubuntu)', date: 'Fri, 26 Jan 2018 08:06:20 GMT', 'content-type': 'text/html; charset=utf-8', 'content-length': '170', connection: 'keep-alive', vary: 'Accept-Encoding, Accept-Encoding', 'x-powered-by': 'Express', 'x-frame-options': 'SAMEORIGIN', 'access-control-allow-origin': '*', 'content-security-policy': 'default-src \'self\'', 'x-content-type-options': 'nosniff', 'x-response-time': '1.996ms' }, size: 170, aborted: false, rt: 86, keepAliveSocket: true, data: '<!DOCTYPE html>\n<html lang="en">\n<head>\n<meta charset="utf-8">\n<title>Error</title>\n</head>\n<body>\n<pre>Cannot GET /api/v1/topics/[object%20Object]</pre>\n</body>\n</html>\n', requestUrls: [ 'https://cnodejs.org/api/v1/topics/[object%20Object]' ], timing: null, remoteAddress: '123.59.77.142', remotePort: 443 }
pid: 36676
hostname: AFOGL-608021031

2018-01-26 16:06:32,810 WARN 33592 [-/127.0.0.1/-/446ms GET /news] nodejs.JSONResponseFormatError: Unexpected token < in JSON at position 0 (data json format: "<!DOCTYPE html>\n<html lang=\"en\">\n<head>\n<meta charset=\"utf-8\">\n<title>Error</title>\n</head>\n<body>\n<pre>Cannot GET /api/v1/topics/[object%20Object]</pre>\n</body>\n</html>\n"), GET https://cnodejs.org/api/v1/topics/[object Object] 404 (connected: true, keepalive socket: true, agent status: {"createSocketCount":15,"createSocketErrorCount":0,"closeSocketCount":0,"errorSocketCount":0,"timeoutSocketCount":0,"requestCount":1,"freeSockets":{},"sockets":{"cnodejs.org:443:::::::::":15},"requests":{}})
headers: {"server":"nginx/1.4.6 (Ubuntu)","date":"Fri, 26 Jan 2018 08:06:32 GMT","content-type":"text/html; charset=utf-8","content-length":"170","connection":"keep-alive","vary":"Accept-Encoding, Accept-Encoding","x-powered-by":"Express","x-frame-options":"SAMEORIGIN","access-control-allow-origin":"*","content-security-policy":"default-src 'self'","x-content-type-options":"nosniff","x-response-time":"3.402ms"}
headers: {"server":"nginx/1.4.6 (Ubuntu)","date":"Fri, 26 Jan 2018 08:06:32 GMT","content-type":"text/html; charset=utf-8","content-length":"170","connection":"keep-alive","vary":"Accept-Encoding, Accept-Encoding","x-powered-by":"Express","x-frame-options":"SAMEORIGIN","access-control-allow-origin":"*","content-security-policy":"default-src 'self'","x-content-type-options":"nosniff","x-response-time":"3.402ms"}
    at JSON.parse (<anonymous>)
    at parseJSON (D:\workspace\node\egg-example2\node_modules\urllib\lib\urllib.js:913:24)
    at D:\workspace\node\egg-example2\node_modules\urllib\lib\urllib.js:692:23
    at decodeContent (D:\workspace\node\egg-example2\node_modules\urllib\lib\urllib.js:532:14)
    at IncomingMessage.<anonymous> (D:\workspace\node\egg-example2\node_modules\urllib\lib\urllib.js:673:7)
    at emitNone (events.js:110:20)
    at IncomingMessage.emit (events.js:207:7)
    at endReadableNT (_stream_readable.js:1047:12)
    at _combinedTickCallback (internal/process/next_tick.js:102:11)
    at process._tickCallback (internal/process/next_tick.js:161:9)
name: 'JSONResponseFormatError'
data: '<!DOCTYPE html>\n<html lang="en">\n<head>\n<meta charset="utf-8">\n<title>Error</title>\n</head>\n<body>\n<pre>Cannot GET /api/v1/topics/[object%20Object]</pre>\n</body>\n</html>\n'
path: '/api/v1/topics/[object%20Object]'
status: 404
headers: { server: 'nginx/1.4.6 (Ubuntu)', date: 'Fri, 26 Jan 2018 08:06:32 GMT', 'content-type': 'text/html; charset=utf-8', 'content-length': '170', connection: 'keep-alive', vary: 'Accept-Encoding, Accept-Encoding', 'x-powered-by': 'Express', 'x-frame-options': 'SAMEORIGIN', 'access-control-allow-origin': '*', 'content-security-policy': 'default-src \'self\'', 'x-content-type-options': 'nosniff', 'x-response-time': '3.402ms' }
res: { status: 404, statusCode: 404, headers:  { server: 'nginx/1.4.6 (Ubuntu)', date: 'Fri, 26 Jan 2018 08:06:32 GMT', 'content-type': 'text/html; charset=utf-8', 'content-length': '170', connection: 'keep-alive', vary: 'Accept-Encoding, Accept-Encoding', 'x-powered-by': 'Express', 'x-frame-options': 'SAMEORIGIN', 'access-control-allow-origin': '*', 'content-security-policy': 'default-src \'self\'', 'x-content-type-options': 'nosniff', 'x-response-time': '3.402ms' }, size: 170, aborted: false, rt: 72, keepAliveSocket: true, data: '<!DOCTYPE html>\n<html lang="en">\n<head>\n<meta charset="utf-8">\n<title>Error</title>\n</head>\n<body>\n<pre>Cannot GET /api/v1/topics/[object%20Object]</pre>\n</body>\n</html>\n', requestUrls: [ 'https://cnodejs.org/api/v1/topics/[object%20Object]' ], timing: null, remoteAddress: '123.59.77.142', remotePort: 443 }
pid: 33592
hostname: AFOGL-608021031

2018-01-26 16:06:54,898 WARN 25400 [-/127.0.0.1/-/349ms GET /news] nodejs.JSONResponseFormatError: Unexpected token < in JSON at position 0 (data json format: "<!DOCTYPE html>\n<html lang=\"en\">\n<head>\n<meta charset=\"utf-8\">\n<title>Error</title>\n</head>\n<body>\n<pre>Cannot GET /api/v1/topics/5a6ae0b99288dc815328826a</pre>\n</body>\n</html>\n"), GET https://cnodejs.org/api/v1/topics/5a6ae0b99288dc815328826a 404 (connected: true, keepalive socket: true, agent status: {"createSocketCount":15,"createSocketErrorCount":0,"closeSocketCount":0,"errorSocketCount":0,"timeoutSocketCount":0,"requestCount":1,"freeSockets":{},"sockets":{"cnodejs.org:443:::::::::":15},"requests":{}})
headers: {"server":"nginx/1.4.6 (Ubuntu)","date":"Fri, 26 Jan 2018 08:06:54 GMT","content-type":"text/html; charset=utf-8","content-length":"177","connection":"keep-alive","vary":"Accept-Encoding, Accept-Encoding","x-powered-by":"Express","x-frame-options":"SAMEORIGIN","access-control-allow-origin":"*","content-security-policy":"default-src 'self'","x-content-type-options":"nosniff","x-response-time":"1.996ms"}
headers: {"server":"nginx/1.4.6 (Ubuntu)","date":"Fri, 26 Jan 2018 08:06:54 GMT","content-type":"text/html; charset=utf-8","content-length":"177","connection":"keep-alive","vary":"Accept-Encoding, Accept-Encoding","x-powered-by":"Express","x-frame-options":"SAMEORIGIN","access-control-allow-origin":"*","content-security-policy":"default-src 'self'","x-content-type-options":"nosniff","x-response-time":"1.996ms"}
    at JSON.parse (<anonymous>)
    at parseJSON (D:\workspace\node\egg-example2\node_modules\urllib\lib\urllib.js:913:24)
    at D:\workspace\node\egg-example2\node_modules\urllib\lib\urllib.js:692:23
    at decodeContent (D:\workspace\node\egg-example2\node_modules\urllib\lib\urllib.js:532:14)
    at IncomingMessage.<anonymous> (D:\workspace\node\egg-example2\node_modules\urllib\lib\urllib.js:673:7)
    at emitNone (events.js:110:20)
    at IncomingMessage.emit (events.js:207:7)
    at endReadableNT (_stream_readable.js:1047:12)
    at _combinedTickCallback (internal/process/next_tick.js:102:11)
    at process._tickCallback (internal/process/next_tick.js:161:9)
name: 'JSONResponseFormatError'
data: '<!DOCTYPE html>\n<html lang="en">\n<head>\n<meta charset="utf-8">\n<title>Error</title>\n</head>\n<body>\n<pre>Cannot GET /api/v1/topics/5a6ae0b99288dc815328826a</pre>\n</body>\n</html>\n'
path: '/api/v1/topics/5a6ae0b99288dc815328826a'
status: 404
headers: { server: 'nginx/1.4.6 (Ubuntu)', date: 'Fri, 26 Jan 2018 08:06:54 GMT', 'content-type': 'text/html; charset=utf-8', 'content-length': '177', connection: 'keep-alive', vary: 'Accept-Encoding, Accept-Encoding', 'x-powered-by': 'Express', 'x-frame-options': 'SAMEORIGIN', 'access-control-allow-origin': '*', 'content-security-policy': 'default-src \'self\'', 'x-content-type-options': 'nosniff', 'x-response-time': '1.996ms' }
res: { status: 404, statusCode: 404, headers:  { server: 'nginx/1.4.6 (Ubuntu)', date: 'Fri, 26 Jan 2018 08:06:54 GMT', 'content-type': 'text/html; charset=utf-8', 'content-length': '177', connection: 'keep-alive', vary: 'Accept-Encoding, Accept-Encoding', 'x-powered-by': 'Express', 'x-frame-options': 'SAMEORIGIN', 'access-control-allow-origin': '*', 'content-security-policy': 'default-src \'self\'', 'x-content-type-options': 'nosniff', 'x-response-time': '1.996ms' }, size: 177, aborted: false, rt: 60, keepAliveSocket: true, data: '<!DOCTYPE html>\n<html lang="en">\n<head>\n<meta charset="utf-8">\n<title>Error</title>\n</head>\n<body>\n<pre>Cannot GET /api/v1/topics/5a6ae0b99288dc815328826a</pre>\n</body>\n</html>\n', requestUrls: [ 'https://cnodejs.org/api/v1/topics/5a6ae0b99288dc815328826a' ], timing: null, remoteAddress: '123.59.77.142', remotePort: 443 }
pid: 25400
hostname: AFOGL-608021031

2018-01-26 16:07:00,418 WARN 25400 [-/127.0.0.1/-/347ms GET /news] nodejs.JSONResponseFormatError: Unexpected token < in JSON at position 0 (data json format: "<!DOCTYPE html>\n<html lang=\"en\">\n<head>\n<meta charset=\"utf-8\">\n<title>Error</title>\n</head>\n<body>\n<pre>Cannot GET /api/v1/topics/5a6ae0b99288dc815328826a</pre>\n</body>\n</html>\n"), GET https://cnodejs.org/api/v1/topics/5a6ae0b99288dc815328826a 404 (connected: true, keepalive socket: true, agent status: {"createSocketCount":30,"createSocketErrorCount":0,"closeSocketCount":15,"errorSocketCount":0,"timeoutSocketCount":15,"requestCount":17,"freeSockets":{},"sockets":{"cnodejs.org:443:::::::::":15},"requests":{}})
headers: {"server":"nginx/1.4.6 (Ubuntu)","date":"Fri, 26 Jan 2018 08:07:00 GMT","content-type":"text/html; charset=utf-8","content-length":"177","connection":"keep-alive","vary":"Accept-Encoding, Accept-Encoding","x-powered-by":"Express","x-frame-options":"SAMEORIGIN","access-control-allow-origin":"*","content-security-policy":"default-src 'self'","x-content-type-options":"nosniff","x-response-time":"46.300ms"}
headers: {"server":"nginx/1.4.6 (Ubuntu)","date":"Fri, 26 Jan 2018 08:07:00 GMT","content-type":"text/html; charset=utf-8","content-length":"177","connection":"keep-alive","vary":"Accept-Encoding, Accept-Encoding","x-powered-by":"Express","x-frame-options":"SAMEORIGIN","access-control-allow-origin":"*","content-security-policy":"default-src 'self'","x-content-type-options":"nosniff","x-response-time":"46.300ms"}
    at JSON.parse (<anonymous>)
    at parseJSON (D:\workspace\node\egg-example2\node_modules\urllib\lib\urllib.js:913:24)
    at D:\workspace\node\egg-example2\node_modules\urllib\lib\urllib.js:692:23
    at decodeContent (D:\workspace\node\egg-example2\node_modules\urllib\lib\urllib.js:532:14)
    at IncomingMessage.<anonymous> (D:\workspace\node\egg-example2\node_modules\urllib\lib\urllib.js:673:7)
    at emitNone (events.js:110:20)
    at IncomingMessage.emit (events.js:207:7)
    at endReadableNT (_stream_readable.js:1047:12)
    at _combinedTickCallback (internal/process/next_tick.js:102:11)
    at process._tickCallback (internal/process/next_tick.js:161:9)
name: 'JSONResponseFormatError'
data: '<!DOCTYPE html>\n<html lang="en">\n<head>\n<meta charset="utf-8">\n<title>Error</title>\n</head>\n<body>\n<pre>Cannot GET /api/v1/topics/5a6ae0b99288dc815328826a</pre>\n</body>\n</html>\n'
path: '/api/v1/topics/5a6ae0b99288dc815328826a'
status: 404
headers: { server: 'nginx/1.4.6 (Ubuntu)', date: 'Fri, 26 Jan 2018 08:07:00 GMT', 'content-type': 'text/html; charset=utf-8', 'content-length': '177', connection: 'keep-alive', vary: 'Accept-Encoding, Accept-Encoding', 'x-powered-by': 'Express', 'x-frame-options': 'SAMEORIGIN', 'access-control-allow-origin': '*', 'content-security-policy': 'default-src \'self\'', 'x-content-type-options': 'nosniff', 'x-response-time': '46.300ms' }
res: { status: 404, statusCode: 404, headers:  { server: 'nginx/1.4.6 (Ubuntu)', date: 'Fri, 26 Jan 2018 08:07:00 GMT', 'content-type': 'text/html; charset=utf-8', 'content-length': '177', connection: 'keep-alive', vary: 'Accept-Encoding, Accept-Encoding', 'x-powered-by': 'Express', 'x-frame-options': 'SAMEORIGIN', 'access-control-allow-origin': '*', 'content-security-policy': 'default-src \'self\'', 'x-content-type-options': 'nosniff', 'x-response-time': '46.300ms' }, size: 177, aborted: false, rt: 108, keepAliveSocket: true, data: '<!DOCTYPE html>\n<html lang="en">\n<head>\n<meta charset="utf-8">\n<title>Error</title>\n</head>\n<body>\n<pre>Cannot GET /api/v1/topics/5a6ae0b99288dc815328826a</pre>\n</body>\n</html>\n', requestUrls: [ 'https://cnodejs.org/api/v1/topics/5a6ae0b99288dc815328826a' ], timing: null, remoteAddress: '123.59.77.142', remotePort: 443 }
pid: 25400
hostname: AFOGL-608021031

2018-01-26 16:07:29,529 WARN 37224 [-/127.0.0.1/-/815ms GET /news] nodejs.JSONResponseFormatError: Unexpected token < in JSON at position 0 (data json format: "<!DOCTYPE html>\n<html lang=\"en\">\n<head>\n<meta charset=\"utf-8\">\n<title>Error</title>\n</head>\n<body>\n<pre>Cannot GET /api/v1/topics/5a6ae0b99288dc815328826a</pre>\n</body>\n</html>\n"), GET https://cnodejs.org/api/v1/topics/5a6ae0b99288dc815328826a 404 (connected: true, keepalive socket: true, agent status: {"createSocketCount":15,"createSocketErrorCount":0,"closeSocketCount":0,"errorSocketCount":0,"timeoutSocketCount":0,"requestCount":1,"freeSockets":{},"sockets":{"cnodejs.org:443:::::::::":15},"requests":{}})
headers: {"server":"nginx/1.4.6 (Ubuntu)","date":"Fri, 26 Jan 2018 08:07:29 GMT","content-type":"text/html; charset=utf-8","content-length":"177","connection":"keep-alive","vary":"Accept-Encoding, Accept-Encoding","x-powered-by":"Express","x-frame-options":"SAMEORIGIN","access-control-allow-origin":"*","content-security-policy":"default-src 'self'","x-content-type-options":"nosniff","x-response-time":"1.784ms"}
headers: {"server":"nginx/1.4.6 (Ubuntu)","date":"Fri, 26 Jan 2018 08:07:29 GMT","content-type":"text/html; charset=utf-8","content-length":"177","connection":"keep-alive","vary":"Accept-Encoding, Accept-Encoding","x-powered-by":"Express","x-frame-options":"SAMEORIGIN","access-control-allow-origin":"*","content-security-policy":"default-src 'self'","x-content-type-options":"nosniff","x-response-time":"1.784ms"}
    at JSON.parse (<anonymous>)
    at parseJSON (D:\workspace\node\egg-example2\node_modules\urllib\lib\urllib.js:913:24)
    at D:\workspace\node\egg-example2\node_modules\urllib\lib\urllib.js:692:23
    at decodeContent (D:\workspace\node\egg-example2\node_modules\urllib\lib\urllib.js:532:14)
    at IncomingMessage.<anonymous> (D:\workspace\node\egg-example2\node_modules\urllib\lib\urllib.js:673:7)
    at emitNone (events.js:110:20)
    at IncomingMessage.emit (events.js:207:7)
    at endReadableNT (_stream_readable.js:1047:12)
    at _combinedTickCallback (internal/process/next_tick.js:102:11)
    at process._tickCallback (internal/process/next_tick.js:161:9)
name: 'JSONResponseFormatError'
data: '<!DOCTYPE html>\n<html lang="en">\n<head>\n<meta charset="utf-8">\n<title>Error</title>\n</head>\n<body>\n<pre>Cannot GET /api/v1/topics/5a6ae0b99288dc815328826a</pre>\n</body>\n</html>\n'
path: '/api/v1/topics/5a6ae0b99288dc815328826a'
status: 404
headers: { server: 'nginx/1.4.6 (Ubuntu)', date: 'Fri, 26 Jan 2018 08:07:29 GMT', 'content-type': 'text/html; charset=utf-8', 'content-length': '177', connection: 'keep-alive', vary: 'Accept-Encoding, Accept-Encoding', 'x-powered-by': 'Express', 'x-frame-options': 'SAMEORIGIN', 'access-control-allow-origin': '*', 'content-security-policy': 'default-src \'self\'', 'x-content-type-options': 'nosniff', 'x-response-time': '1.784ms' }
res: { status: 404, statusCode: 404, headers:  { server: 'nginx/1.4.6 (Ubuntu)', date: 'Fri, 26 Jan 2018 08:07:29 GMT', 'content-type': 'text/html; charset=utf-8', 'content-length': '177', connection: 'keep-alive', vary: 'Accept-Encoding, Accept-Encoding', 'x-powered-by': 'Express', 'x-frame-options': 'SAMEORIGIN', 'access-control-allow-origin': '*', 'content-security-policy': 'default-src \'self\'', 'x-content-type-options': 'nosniff', 'x-response-time': '1.784ms' }, size: 177, aborted: false, rt: 75, keepAliveSocket: true, data: '<!DOCTYPE html>\n<html lang="en">\n<head>\n<meta charset="utf-8">\n<title>Error</title>\n</head>\n<body>\n<pre>Cannot GET /api/v1/topics/5a6ae0b99288dc815328826a</pre>\n</body>\n</html>\n', requestUrls: [ 'https://cnodejs.org/api/v1/topics/5a6ae0b99288dc815328826a' ], timing: null, remoteAddress: '123.59.77.142', remotePort: 443 }
pid: 37224
hostname: AFOGL-608021031

2018-01-26 16:07:40,968 WARN 37736 [-/127.0.0.1/-/371ms GET /news] nodejs.JSONResponseFormatError: Unexpected token < in JSON at position 0 (data json format: "<!DOCTYPE html>\n<html lang=\"en\">\n<head>\n<meta charset=\"utf-8\">\n<title>Error</title>\n</head>\n<body>\n<pre>Cannot GET /api/v1/topics/5a6ae0b99288dc815328826a</pre>\n</body>\n</html>\n"), GET https://cnodejs.org/api/v1/topics/5a6ae0b99288dc815328826a 404 (connected: true, keepalive socket: true, agent status: {"createSocketCount":15,"createSocketErrorCount":0,"closeSocketCount":0,"errorSocketCount":0,"timeoutSocketCount":0,"requestCount":1,"freeSockets":{},"sockets":{"cnodejs.org:443:::::::::":15},"requests":{}})
headers: {"server":"nginx/1.4.6 (Ubuntu)","date":"Fri, 26 Jan 2018 08:07:40 GMT","content-type":"text/html; charset=utf-8","content-length":"177","connection":"keep-alive","vary":"Accept-Encoding, Accept-Encoding","x-powered-by":"Express","x-frame-options":"SAMEORIGIN","access-control-allow-origin":"*","content-security-policy":"default-src 'self'","x-content-type-options":"nosniff","x-response-time":"1.600ms"}
headers: {"server":"nginx/1.4.6 (Ubuntu)","date":"Fri, 26 Jan 2018 08:07:40 GMT","content-type":"text/html; charset=utf-8","content-length":"177","connection":"keep-alive","vary":"Accept-Encoding, Accept-Encoding","x-powered-by":"Express","x-frame-options":"SAMEORIGIN","access-control-allow-origin":"*","content-security-policy":"default-src 'self'","x-content-type-options":"nosniff","x-response-time":"1.600ms"}
    at JSON.parse (<anonymous>)
    at parseJSON (D:\workspace\node\egg-example2\node_modules\urllib\lib\urllib.js:913:24)
    at D:\workspace\node\egg-example2\node_modules\urllib\lib\urllib.js:692:23
    at decodeContent (D:\workspace\node\egg-example2\node_modules\urllib\lib\urllib.js:532:14)
    at IncomingMessage.<anonymous> (D:\workspace\node\egg-example2\node_modules\urllib\lib\urllib.js:673:7)
    at emitNone (events.js:110:20)
    at IncomingMessage.emit (events.js:207:7)
    at endReadableNT (_stream_readable.js:1047:12)
    at _combinedTickCallback (internal/process/next_tick.js:102:11)
    at process._tickCallback (internal/process/next_tick.js:161:9)
name: 'JSONResponseFormatError'
data: '<!DOCTYPE html>\n<html lang="en">\n<head>\n<meta charset="utf-8">\n<title>Error</title>\n</head>\n<body>\n<pre>Cannot GET /api/v1/topics/5a6ae0b99288dc815328826a</pre>\n</body>\n</html>\n'
path: '/api/v1/topics/5a6ae0b99288dc815328826a'
status: 404
headers: { server: 'nginx/1.4.6 (Ubuntu)', date: 'Fri, 26 Jan 2018 08:07:40 GMT', 'content-type': 'text/html; charset=utf-8', 'content-length': '177', connection: 'keep-alive', vary: 'Accept-Encoding, Accept-Encoding', 'x-powered-by': 'Express', 'x-frame-options': 'SAMEORIGIN', 'access-control-allow-origin': '*', 'content-security-policy': 'default-src \'self\'', 'x-content-type-options': 'nosniff', 'x-response-time': '1.600ms' }
res: { status: 404, statusCode: 404, headers:  { server: 'nginx/1.4.6 (Ubuntu)', date: 'Fri, 26 Jan 2018 08:07:40 GMT', 'content-type': 'text/html; charset=utf-8', 'content-length': '177', connection: 'keep-alive', vary: 'Accept-Encoding, Accept-Encoding', 'x-powered-by': 'Express', 'x-frame-options': 'SAMEORIGIN', 'access-control-allow-origin': '*', 'content-security-policy': 'default-src \'self\'', 'x-content-type-options': 'nosniff', 'x-response-time': '1.600ms' }, size: 177, aborted: false, rt: 66, keepAliveSocket: true, data: '<!DOCTYPE html>\n<html lang="en">\n<head>\n<meta charset="utf-8">\n<title>Error</title>\n</head>\n<body>\n<pre>Cannot GET /api/v1/topics/5a6ae0b99288dc815328826a</pre>\n</body>\n</html>\n', requestUrls: [ 'https://cnodejs.org/api/v1/topics/5a6ae0b99288dc815328826a' ], timing: null, remoteAddress: '123.59.77.142', remotePort: 443 }
pid: 37736
hostname: AFOGL-608021031

2018-01-26 16:08:04,071 WARN 37768 [-/127.0.0.1/-/395ms GET /news] nodejs.JSONResponseFormatError: Unexpected token < in JSON at position 0 (data json format: "<!DOCTYPE html>\n<html lang=\"en\">\n<head>\n<meta charset=\"utf-8\">\n<title>Error</title>\n</head>\n<body>\n<pre>Cannot GET /api/v1/topics/5a6ae0b99288dc815328826a</pre>\n</body>\n</html>\n"), GET https://cnodejs.org/api/v1/topics/5a6ae0b99288dc815328826a 404 (connected: true, keepalive socket: true, agent status: {"createSocketCount":15,"createSocketErrorCount":0,"closeSocketCount":0,"errorSocketCount":0,"timeoutSocketCount":0,"requestCount":1,"freeSockets":{},"sockets":{"cnodejs.org:443:::::::::":15},"requests":{}})
headers: {"server":"nginx/1.4.6 (Ubuntu)","date":"Fri, 26 Jan 2018 08:08:03 GMT","content-type":"text/html; charset=utf-8","content-length":"177","connection":"keep-alive","vary":"Accept-Encoding, Accept-Encoding","x-powered-by":"Express","x-frame-options":"SAMEORIGIN","access-control-allow-origin":"*","content-security-policy":"default-src 'self'","x-content-type-options":"nosniff","x-response-time":"2.287ms"}
headers: {"server":"nginx/1.4.6 (Ubuntu)","date":"Fri, 26 Jan 2018 08:08:03 GMT","content-type":"text/html; charset=utf-8","content-length":"177","connection":"keep-alive","vary":"Accept-Encoding, Accept-Encoding","x-powered-by":"Express","x-frame-options":"SAMEORIGIN","access-control-allow-origin":"*","content-security-policy":"default-src 'self'","x-content-type-options":"nosniff","x-response-time":"2.287ms"}
    at JSON.parse (<anonymous>)
    at parseJSON (D:\workspace\node\egg-example2\node_modules\urllib\lib\urllib.js:913:24)
    at D:\workspace\node\egg-example2\node_modules\urllib\lib\urllib.js:692:23
    at decodeContent (D:\workspace\node\egg-example2\node_modules\urllib\lib\urllib.js:532:14)
    at IncomingMessage.<anonymous> (D:\workspace\node\egg-example2\node_modules\urllib\lib\urllib.js:673:7)
    at emitNone (events.js:110:20)
    at IncomingMessage.emit (events.js:207:7)
    at endReadableNT (_stream_readable.js:1047:12)
    at _combinedTickCallback (internal/process/next_tick.js:102:11)
    at process._tickCallback (internal/process/next_tick.js:161:9)
name: 'JSONResponseFormatError'
data: '<!DOCTYPE html>\n<html lang="en">\n<head>\n<meta charset="utf-8">\n<title>Error</title>\n</head>\n<body>\n<pre>Cannot GET /api/v1/topics/5a6ae0b99288dc815328826a</pre>\n</body>\n</html>\n'
path: '/api/v1/topics/5a6ae0b99288dc815328826a'
status: 404
headers: { server: 'nginx/1.4.6 (Ubuntu)', date: 'Fri, 26 Jan 2018 08:08:03 GMT', 'content-type': 'text/html; charset=utf-8', 'content-length': '177', connection: 'keep-alive', vary: 'Accept-Encoding, Accept-Encoding', 'x-powered-by': 'Express', 'x-frame-options': 'SAMEORIGIN', 'access-control-allow-origin': '*', 'content-security-policy': 'default-src \'self\'', 'x-content-type-options': 'nosniff', 'x-response-time': '2.287ms' }
res: { status: 404, statusCode: 404, headers:  { server: 'nginx/1.4.6 (Ubuntu)', date: 'Fri, 26 Jan 2018 08:08:03 GMT', 'content-type': 'text/html; charset=utf-8', 'content-length': '177', connection: 'keep-alive', vary: 'Accept-Encoding, Accept-Encoding', 'x-powered-by': 'Express', 'x-frame-options': 'SAMEORIGIN', 'access-control-allow-origin': '*', 'content-security-policy': 'default-src \'self\'', 'x-content-type-options': 'nosniff', 'x-response-time': '2.287ms' }, size: 177, aborted: false, rt: 68, keepAliveSocket: true, data: '<!DOCTYPE html>\n<html lang="en">\n<head>\n<meta charset="utf-8">\n<title>Error</title>\n</head>\n<body>\n<pre>Cannot GET /api/v1/topics/5a6ae0b99288dc815328826a</pre>\n</body>\n</html>\n', requestUrls: [ 'https://cnodejs.org/api/v1/topics/5a6ae0b99288dc815328826a' ], timing: null, remoteAddress: '123.59.77.142', remotePort: 443 }
pid: 37768
hostname: AFOGL-608021031

2018-01-26 16:09:05,801 WARN 37000 [-/127.0.0.1/-/406ms GET /news] nodejs.JSONResponseFormatError: Unexpected token < in JSON at position 0 (data json format: "<!DOCTYPE html>\n<html lang=\"en\">\n<head>\n<meta charset=\"utf-8\">\n<title>Error</title>\n</head>\n<body>\n<pre>Cannot GET /api/v1/topics/5a6ae0b99288dc815328826a</pre>\n</body>\n</html>\n"), GET https://cnodejs.org/api/v1/topics/5a6ae0b99288dc815328826a 404 (connected: true, keepalive socket: true, agent status: {"createSocketCount":15,"createSocketErrorCount":0,"closeSocketCount":0,"errorSocketCount":0,"timeoutSocketCount":0,"requestCount":1,"freeSockets":{},"sockets":{"cnodejs.org:443:::::::::":15},"requests":{}})
headers: {"server":"nginx/1.4.6 (Ubuntu)","date":"Fri, 26 Jan 2018 08:09:05 GMT","content-type":"text/html; charset=utf-8","content-length":"177","connection":"keep-alive","vary":"Accept-Encoding, Accept-Encoding","x-powered-by":"Express","x-frame-options":"SAMEORIGIN","access-control-allow-origin":"*","content-security-policy":"default-src 'self'","x-content-type-options":"nosniff","x-response-time":"2.203ms"}
headers: {"server":"nginx/1.4.6 (Ubuntu)","date":"Fri, 26 Jan 2018 08:09:05 GMT","content-type":"text/html; charset=utf-8","content-length":"177","connection":"keep-alive","vary":"Accept-Encoding, Accept-Encoding","x-powered-by":"Express","x-frame-options":"SAMEORIGIN","access-control-allow-origin":"*","content-security-policy":"default-src 'self'","x-content-type-options":"nosniff","x-response-time":"2.203ms"}
    at JSON.parse (<anonymous>)
    at parseJSON (D:\workspace\node\egg-example2\node_modules\urllib\lib\urllib.js:913:24)
    at D:\workspace\node\egg-example2\node_modules\urllib\lib\urllib.js:692:23
    at decodeContent (D:\workspace\node\egg-example2\node_modules\urllib\lib\urllib.js:532:14)
    at IncomingMessage.<anonymous> (D:\workspace\node\egg-example2\node_modules\urllib\lib\urllib.js:673:7)
    at emitNone (events.js:110:20)
    at IncomingMessage.emit (events.js:207:7)
    at endReadableNT (_stream_readable.js:1047:12)
    at _combinedTickCallback (internal/process/next_tick.js:102:11)
    at process._tickCallback (internal/process/next_tick.js:161:9)
name: 'JSONResponseFormatError'
data: '<!DOCTYPE html>\n<html lang="en">\n<head>\n<meta charset="utf-8">\n<title>Error</title>\n</head>\n<body>\n<pre>Cannot GET /api/v1/topics/5a6ae0b99288dc815328826a</pre>\n</body>\n</html>\n'
path: '/api/v1/topics/5a6ae0b99288dc815328826a?mdrender=false'
status: 404
headers: { server: 'nginx/1.4.6 (Ubuntu)', date: 'Fri, 26 Jan 2018 08:09:05 GMT', 'content-type': 'text/html; charset=utf-8', 'content-length': '177', connection: 'keep-alive', vary: 'Accept-Encoding, Accept-Encoding', 'x-powered-by': 'Express', 'x-frame-options': 'SAMEORIGIN', 'access-control-allow-origin': '*', 'content-security-policy': 'default-src \'self\'', 'x-content-type-options': 'nosniff', 'x-response-time': '2.203ms' }
res: { status: 404, statusCode: 404, headers:  { server: 'nginx/1.4.6 (Ubuntu)', date: 'Fri, 26 Jan 2018 08:09:05 GMT', 'content-type': 'text/html; charset=utf-8', 'content-length': '177', connection: 'keep-alive', vary: 'Accept-Encoding, Accept-Encoding', 'x-powered-by': 'Express', 'x-frame-options': 'SAMEORIGIN', 'access-control-allow-origin': '*', 'content-security-policy': 'default-src \'self\'', 'x-content-type-options': 'nosniff', 'x-response-time': '2.203ms' }, size: 177, aborted: false, rt: 69, keepAliveSocket: true, data: '<!DOCTYPE html>\n<html lang="en">\n<head>\n<meta charset="utf-8">\n<title>Error</title>\n</head>\n<body>\n<pre>Cannot GET /api/v1/topics/5a6ae0b99288dc815328826a</pre>\n</body>\n</html>\n', requestUrls: [ 'https://cnodejs.org/api/v1/topics/5a6ae0b99288dc815328826a' ], timing: null, remoteAddress: '123.59.77.142', remotePort: 443 }
pid: 37000
hostname: AFOGL-608021031

2018-01-29 09:16:45,658 WARN 14464 [-/127.0.0.1/-/468ms GET /news] nodejs.JSONResponseFormatError: Unexpected token < in JSON at position 0 (data json format: "<!DOCTYPE html>\n<html lang=\"en\">\n<head>\n<meta charset=\"utf-8\">\n<title>Error</title>\n</head>\n<body>\n<pre>Cannot GET /api/v1/item/true.json</pre>\n</body>\n</html>\n"), GET https://cnodejs.org/api/v1/item/true.json 404 (connected: true, keepalive socket: true, agent status: {"createSocketCount":2,"createSocketErrorCount":0,"closeSocketCount":0,"errorSocketCount":0,"timeoutSocketCount":0,"requestCount":1,"freeSockets":{},"sockets":{"cnodejs.org:443:::::::::":2},"requests":{}})
headers: {"server":"nginx/1.4.6 (Ubuntu)","date":"Mon, 29 Jan 2018 01:16:45 GMT","content-type":"text/html; charset=utf-8","content-length":"160","connection":"keep-alive","vary":"Accept-Encoding, Accept-Encoding","x-powered-by":"Express","x-frame-options":"SAMEORIGIN","access-control-allow-origin":"*","content-security-policy":"default-src 'self'","x-content-type-options":"nosniff","x-response-time":"2.129ms"}
headers: {"server":"nginx/1.4.6 (Ubuntu)","date":"Mon, 29 Jan 2018 01:16:45 GMT","content-type":"text/html; charset=utf-8","content-length":"160","connection":"keep-alive","vary":"Accept-Encoding, Accept-Encoding","x-powered-by":"Express","x-frame-options":"SAMEORIGIN","access-control-allow-origin":"*","content-security-policy":"default-src 'self'","x-content-type-options":"nosniff","x-response-time":"2.129ms"}
    at JSON.parse (<anonymous>)
    at parseJSON (D:\workspace\node\egg-example2\node_modules\urllib\lib\urllib.js:913:24)
    at D:\workspace\node\egg-example2\node_modules\urllib\lib\urllib.js:692:23
    at decodeContent (D:\workspace\node\egg-example2\node_modules\urllib\lib\urllib.js:532:14)
    at IncomingMessage.<anonymous> (D:\workspace\node\egg-example2\node_modules\urllib\lib\urllib.js:673:7)
    at emitNone (events.js:110:20)
    at IncomingMessage.emit (events.js:207:7)
    at endReadableNT (_stream_readable.js:1047:12)
    at _combinedTickCallback (internal/process/next_tick.js:102:11)
    at process._tickCallback (internal/process/next_tick.js:161:9)
name: 'JSONResponseFormatError'
data: '<!DOCTYPE html>\n<html lang="en">\n<head>\n<meta charset="utf-8">\n<title>Error</title>\n</head>\n<body>\n<pre>Cannot GET /api/v1/item/true.json</pre>\n</body>\n</html>\n'
path: '/api/v1/item/true.json'
status: 404
headers: { server: 'nginx/1.4.6 (Ubuntu)', date: 'Mon, 29 Jan 2018 01:16:45 GMT', 'content-type': 'text/html; charset=utf-8', 'content-length': '160', connection: 'keep-alive', vary: 'Accept-Encoding, Accept-Encoding', 'x-powered-by': 'Express', 'x-frame-options': 'SAMEORIGIN', 'access-control-allow-origin': '*', 'content-security-policy': 'default-src \'self\'', 'x-content-type-options': 'nosniff', 'x-response-time': '2.129ms' }
res: { status: 404, statusCode: 404, headers:  { server: 'nginx/1.4.6 (Ubuntu)', date: 'Mon, 29 Jan 2018 01:16:45 GMT', 'content-type': 'text/html; charset=utf-8', 'content-length': '160', connection: 'keep-alive', vary: 'Accept-Encoding, Accept-Encoding', 'x-powered-by': 'Express', 'x-frame-options': 'SAMEORIGIN', 'access-control-allow-origin': '*', 'content-security-policy': 'default-src \'self\'', 'x-content-type-options': 'nosniff', 'x-response-time': '2.129ms' }, size: 160, aborted: false, rt: 104, keepAliveSocket: true, data: '<!DOCTYPE html>\n<html lang="en">\n<head>\n<meta charset="utf-8">\n<title>Error</title>\n</head>\n<body>\n<pre>Cannot GET /api/v1/item/true.json</pre>\n</body>\n</html>\n', requestUrls: [ 'https://cnodejs.org/api/v1/item/true.json' ], timing: null, remoteAddress: '123.59.77.142', remotePort: 443 }
pid: 14464
hostname: AFOGL-608021031

